<?xml version="1.0" encoding="utf-8" standalone="yes"?>
<CoverageSession xmlns:xsd="http://www.w3.org/2001/XMLSchema" xmlns:xsi="http://www.w3.org/2001/XMLSchema-instance">
  <Summary numSequencePoints="327" visitedSequencePoints="327" numBranchPoints="99" visitedBranchPoints="71" sequenceCoverage="100" branchCoverage="71.72" maxCyclomaticComplexity="27" minCyclomaticComplexity="1" visitedClasses="29" numClasses="29" visitedMethods="41" numMethods="63" minCrapScore="1" maxCrapScore="27" />
  <Modules>
    <Module skippedDueTo="Filter" hash="C8-13-9F-50-8C-E7-21-B6-A9-EF-84-64-19-E8-C8-40-B4-9B-55-1E">
      <ModulePath>C:\Users\Hustler\Desktop\DanskeBank\Test\bin\Debug\net7.0\System.Linq.Async.dll</ModulePath>
      <ModuleTime>2022-02-01T15:33:00Z</ModuleTime>
      <ModuleName>System.Linq.Async</ModuleName>
      <Classes />
    </Module>
    <Module skippedDueTo="Filter" hash="8F-17-5D-FA-8C-A9-36-57-31-E2-6D-9F-80-9E-CF-CF-1C-CB-B6-11">
      <ModulePath>C:\Users\Hustler\Desktop\DanskeBank\Test\bin\Debug\net7.0\NUnit3.TestAdapter.dll</ModulePath>
      <ModuleTime>2023-03-01T17:49:36Z</ModuleTime>
      <ModuleName>NUnit3.TestAdapter</ModuleName>
      <Classes />
    </Module>
    <Module hash="9C-E8-A4-54-0C-3D-5B-A3-B6-F3-81-04-90-00-84-71-51-07-54-89">
      <Summary numSequencePoints="327" visitedSequencePoints="327" numBranchPoints="99" visitedBranchPoints="71" sequenceCoverage="100" branchCoverage="71.72" maxCyclomaticComplexity="27" minCyclomaticComplexity="1" visitedClasses="29" numClasses="29" visitedMethods="41" numMethods="63" minCrapScore="1" maxCrapScore="27" />
      <ModulePath>C:\Users\Hustler\Desktop\DanskeBank\Test\bin\Debug\net7.0\DanskeBank.dll</ModulePath>
      <ModuleTime>2023-04-23T13:40:01.7215316Z</ModuleTime>
      <ModuleName>DanskeBank</ModuleName>
      <Files>
        <File uid="2" fullPath="C:\Users\Hustler\Desktop\DanskeBank\Configuration.cs" />
        <File uid="3" fullPath="C:\Users\Hustler\Desktop\DanskeBank\WordExcluder\WordExcluder.cs" />
        <File uid="4" fullPath="C:\Users\Hustler\Desktop\DanskeBank\WordCountWorkFlow\WordCountWorkFlow.cs" />
        <File uid="5" fullPath="C:\Users\Hustler\Desktop\DanskeBank\WordCountManager\WordCountManager.cs" />
        <File uid="6" fullPath="C:\Users\Hustler\Desktop\DanskeBank\WordCounter\ConcurrentDictionaryWordCounter.cs" />
        <File uid="7" fullPath="C:\Users\Hustler\Desktop\DanskeBank\WordCounter\TrieWordCounter.cs" />
        <File uid="8" fullPath="C:\Users\Hustler\Desktop\DanskeBank\LineSplitter\LineSplitter.cs" />
        <File uid="9" fullPath="C:\Users\Hustler\Desktop\DanskeBank\Guard\Extensions\GuardAgainstEmptyAndWhiteSpaceExtension.cs" />
        <File uid="10" fullPath="C:\Users\Hustler\Desktop\DanskeBank\Guard\Extensions\GuardAgainstFileNotFound.cs" />
        <File uid="11" fullPath="C:\Users\Hustler\Desktop\DanskeBank\Guard\Extensions\GuardAgainstNullExtensions.cs" />
        <File uid="12" fullPath="C:\Users\Hustler\Desktop\DanskeBank\Guard\Guard.cs" />
        <File uid="13" fullPath="C:\Users\Hustler\Desktop\DanskeBank\FileWriter\StreamFileWriter.cs" />
        <File uid="14" fullPath="C:\Users\Hustler\Desktop\DanskeBank\FileWriterManager\FileWriterManager.cs" />
        <File uid="15" fullPath="C:\Users\Hustler\Desktop\DanskeBank\FileReader\StreamFileReader.cs" />
        <File uid="16" fullPath="C:\Users\Hustler\Desktop\DanskeBank\FileReaderManager\FileReaderManager.cs" />
      </Files>
      <Classes>
        <Class>
          <Summary numSequencePoints="0" visitedSequencePoints="0" numBranchPoints="0" visitedBranchPoints="0" sequenceCoverage="0" branchCoverage="0" maxCyclomaticComplexity="0" minCyclomaticComplexity="0" visitedClasses="0" numClasses="0" visitedMethods="0" numMethods="0" minCrapScore="0" maxCrapScore="0" />
          <FullName>Microsoft.CodeAnalysis.EmbeddedAttribute</FullName>
          <Methods>
            <Method visited="false" cyclomaticComplexity="1" nPathComplexity="0" sequenceCoverage="0" branchCoverage="0" isConstructor="true" isStatic="false" isGetter="false" isSetter="false" crapScore="2">
              <Summary numSequencePoints="0" visitedSequencePoints="0" numBranchPoints="0" visitedBranchPoints="0" sequenceCoverage="0" branchCoverage="0" maxCyclomaticComplexity="1" minCyclomaticComplexity="1" visitedClasses="0" numClasses="0" visitedMethods="0" numMethods="0" minCrapScore="2" maxCrapScore="2" />
              <MetadataToken>100663297</MetadataToken>
              <Name>System.Void Microsoft.CodeAnalysis.EmbeddedAttribute::.ctor()</Name>
              <SequencePoints />
              <BranchPoints />
              <MethodPoint vc="0" uspid="100663297" ordinal="0" offset="0" />
            </Method>
          </Methods>
        </Class>
        <Class>
          <Summary numSequencePoints="0" visitedSequencePoints="0" numBranchPoints="0" visitedBranchPoints="0" sequenceCoverage="0" branchCoverage="0" maxCyclomaticComplexity="0" minCyclomaticComplexity="0" visitedClasses="0" numClasses="0" visitedMethods="0" numMethods="0" minCrapScore="0" maxCrapScore="0" />
          <FullName>System.Runtime.CompilerServices.NullableAttribute</FullName>
          <Methods>
            <Method visited="false" cyclomaticComplexity="1" nPathComplexity="0" sequenceCoverage="0" branchCoverage="0" isConstructor="true" isStatic="false" isGetter="false" isSetter="false" crapScore="2">
              <Summary numSequencePoints="0" visitedSequencePoints="0" numBranchPoints="0" visitedBranchPoints="0" sequenceCoverage="0" branchCoverage="0" maxCyclomaticComplexity="1" minCyclomaticComplexity="1" visitedClasses="0" numClasses="0" visitedMethods="0" numMethods="0" minCrapScore="2" maxCrapScore="2" />
              <MetadataToken>100663298</MetadataToken>
              <Name>System.Void System.Runtime.CompilerServices.NullableAttribute::.ctor(System.Byte)</Name>
              <SequencePoints />
              <BranchPoints />
              <MethodPoint vc="0" uspid="100663298" ordinal="0" offset="0" />
            </Method>
            <Method visited="false" cyclomaticComplexity="1" nPathComplexity="0" sequenceCoverage="0" branchCoverage="0" isConstructor="true" isStatic="false" isGetter="false" isSetter="false" crapScore="2">
              <Summary numSequencePoints="0" visitedSequencePoints="0" numBranchPoints="0" visitedBranchPoints="0" sequenceCoverage="0" branchCoverage="0" maxCyclomaticComplexity="1" minCyclomaticComplexity="1" visitedClasses="0" numClasses="0" visitedMethods="0" numMethods="0" minCrapScore="2" maxCrapScore="2" />
              <MetadataToken>100663299</MetadataToken>
              <Name>System.Void System.Runtime.CompilerServices.NullableAttribute::.ctor(System.Byte[])</Name>
              <SequencePoints />
              <BranchPoints />
              <MethodPoint vc="0" uspid="100663299" ordinal="0" offset="0" />
            </Method>
          </Methods>
        </Class>
        <Class>
          <Summary numSequencePoints="0" visitedSequencePoints="0" numBranchPoints="0" visitedBranchPoints="0" sequenceCoverage="0" branchCoverage="0" maxCyclomaticComplexity="0" minCyclomaticComplexity="0" visitedClasses="0" numClasses="0" visitedMethods="0" numMethods="0" minCrapScore="0" maxCrapScore="0" />
          <FullName>System.Runtime.CompilerServices.NullableContextAttribute</FullName>
          <Methods>
            <Method visited="false" cyclomaticComplexity="1" nPathComplexity="0" sequenceCoverage="0" branchCoverage="0" isConstructor="true" isStatic="false" isGetter="false" isSetter="false" crapScore="2">
              <Summary numSequencePoints="0" visitedSequencePoints="0" numBranchPoints="0" visitedBranchPoints="0" sequenceCoverage="0" branchCoverage="0" maxCyclomaticComplexity="1" minCyclomaticComplexity="1" visitedClasses="0" numClasses="0" visitedMethods="0" numMethods="0" minCrapScore="2" maxCrapScore="2" />
              <MetadataToken>100663300</MetadataToken>
              <Name>System.Void System.Runtime.CompilerServices.NullableContextAttribute::.ctor(System.Byte)</Name>
              <SequencePoints />
              <BranchPoints />
              <MethodPoint vc="0" uspid="100663300" ordinal="0" offset="0" />
            </Method>
          </Methods>
        </Class>
        <Class>
          <Summary numSequencePoints="0" visitedSequencePoints="0" numBranchPoints="0" visitedBranchPoints="0" sequenceCoverage="0" branchCoverage="0" maxCyclomaticComplexity="0" minCyclomaticComplexity="0" visitedClasses="0" numClasses="0" visitedMethods="0" numMethods="0" minCrapScore="0" maxCrapScore="0" />
          <FullName>System.Runtime.CompilerServices.RefSafetyRulesAttribute</FullName>
          <Methods>
            <Method visited="false" cyclomaticComplexity="1" nPathComplexity="0" sequenceCoverage="0" branchCoverage="0" isConstructor="true" isStatic="false" isGetter="false" isSetter="false" crapScore="2">
              <Summary numSequencePoints="0" visitedSequencePoints="0" numBranchPoints="0" visitedBranchPoints="0" sequenceCoverage="0" branchCoverage="0" maxCyclomaticComplexity="1" minCyclomaticComplexity="1" visitedClasses="0" numClasses="0" visitedMethods="0" numMethods="0" minCrapScore="2" maxCrapScore="2" />
              <MetadataToken>100663301</MetadataToken>
              <Name>System.Void System.Runtime.CompilerServices.RefSafetyRulesAttribute::.ctor(System.Int32)</Name>
              <SequencePoints />
              <BranchPoints />
              <MethodPoint vc="0" uspid="100663301" ordinal="0" offset="0" />
            </Method>
          </Methods>
        </Class>
        <Class>
          <Summary numSequencePoints="0" visitedSequencePoints="0" numBranchPoints="0" visitedBranchPoints="0" sequenceCoverage="0" branchCoverage="0" maxCyclomaticComplexity="3" minCyclomaticComplexity="1" visitedClasses="0" numClasses="0" visitedMethods="0" numMethods="4" minCrapScore="0" maxCrapScore="0" />
          <FullName>Program</FullName>
          <Methods>
            <Method skippedDueTo="File" visited="false" cyclomaticComplexity="1" nPathComplexity="0" sequenceCoverage="0" branchCoverage="0" isConstructor="true" isStatic="true" isGetter="false" isSetter="false" crapScore="2">
              <MetadataToken>100663302</MetadataToken>
              <Name>System.Void Program::.cctor()</Name>
              <SequencePoints />
              <BranchPoints />
              <MethodPoint vc="0" uspid="100663302" ordinal="0" offset="0" />
            </Method>
            <Method skippedDueTo="File" visited="false" cyclomaticComplexity="3" nPathComplexity="0" sequenceCoverage="0" branchCoverage="0" isConstructor="false" isStatic="true" isGetter="false" isSetter="false" crapScore="12">
              <MetadataToken>100663303</MetadataToken>
              <Name>DanskeBank.Configuration Program::BuildConfiguration(System.String,System.String,System.String)</Name>
              <SequencePoints />
              <BranchPoints />
              <MethodPoint vc="0" uspid="100663303" ordinal="0" offset="0" />
            </Method>
            <Method skippedDueTo="Filter" visited="false" cyclomaticComplexity="1" nPathComplexity="0" sequenceCoverage="0" branchCoverage="0" isConstructor="false" isStatic="true" isGetter="false" isSetter="false" crapScore="2">
              <Summary numSequencePoints="0" visitedSequencePoints="0" numBranchPoints="0" visitedBranchPoints="0" sequenceCoverage="0" branchCoverage="0" maxCyclomaticComplexity="0" minCyclomaticComplexity="0" visitedClasses="0" numClasses="0" visitedMethods="0" numMethods="0" minCrapScore="2" maxCrapScore="2" />
              <MetadataToken>100663304</MetadataToken>
              <Name>System.Threading.Tasks.Task`1&lt;System.Int32&gt; Program::Main(System.String[])</Name>
              <SequencePoints />
              <BranchPoints />
              <MethodPoint vc="0" uspid="100663304" ordinal="0" offset="0" />
            </Method>
            <Method visited="false" cyclomaticComplexity="1" nPathComplexity="0" sequenceCoverage="0" branchCoverage="0" isConstructor="true" isStatic="false" isGetter="false" isSetter="false" crapScore="2">
              <Summary numSequencePoints="0" visitedSequencePoints="0" numBranchPoints="0" visitedBranchPoints="0" sequenceCoverage="0" branchCoverage="0" maxCyclomaticComplexity="1" minCyclomaticComplexity="1" visitedClasses="0" numClasses="0" visitedMethods="0" numMethods="0" minCrapScore="2" maxCrapScore="2" />
              <MetadataToken>100663305</MetadataToken>
              <Name>System.Void Program::.ctor()</Name>
              <SequencePoints />
              <BranchPoints />
              <MethodPoint vc="0" uspid="100663305" ordinal="0" offset="0" />
            </Method>
            <Method skippedDueTo="Filter" visited="false" cyclomaticComplexity="1" nPathComplexity="0" sequenceCoverage="0" branchCoverage="0" isConstructor="false" isStatic="true" isGetter="false" isSetter="false" crapScore="2">
              <Summary numSequencePoints="0" visitedSequencePoints="0" numBranchPoints="0" visitedBranchPoints="0" sequenceCoverage="0" branchCoverage="0" maxCyclomaticComplexity="0" minCyclomaticComplexity="0" visitedClasses="0" numClasses="0" visitedMethods="0" numMethods="0" minCrapScore="2" maxCrapScore="2" />
              <MetadataToken>100663306</MetadataToken>
              <Name>System.Int32 Program::&lt;Main&gt;(System.String[])</Name>
              <SequencePoints />
              <BranchPoints />
              <MethodPoint vc="0" uspid="100663306" ordinal="0" offset="0" />
            </Method>
          </Methods>
        </Class>
        <Class>
          <Summary numSequencePoints="0" visitedSequencePoints="0" numBranchPoints="0" visitedBranchPoints="0" sequenceCoverage="0" branchCoverage="0" maxCyclomaticComplexity="1" minCyclomaticComplexity="1" visitedClasses="0" numClasses="0" visitedMethods="0" numMethods="9" minCrapScore="0" maxCrapScore="0" />
          <FullName>Program/&lt;&gt;c</FullName>
          <Methods>
            <Method skippedDueTo="File" visited="false" cyclomaticComplexity="1" nPathComplexity="0" sequenceCoverage="0" branchCoverage="0" isConstructor="false" isStatic="false" isGetter="false" isSetter="false" crapScore="2">
              <MetadataToken>100663370</MetadataToken>
              <Name>DanskeBank.Guard.IGuard Program/&lt;&gt;c::&lt;.cctor&gt;b__1_0()</Name>
              <SequencePoints />
              <BranchPoints />
              <MethodPoint vc="0" uspid="100663370" ordinal="0" offset="0" />
            </Method>
            <Method skippedDueTo="File" visited="false" cyclomaticComplexity="1" nPathComplexity="0" sequenceCoverage="0" branchCoverage="0" isConstructor="false" isStatic="false" isGetter="false" isSetter="false" crapScore="2">
              <MetadataToken>100663371</MetadataToken>
              <Name>DanskeBank.LineSplitter.ILineSplitter Program/&lt;&gt;c::&lt;.cctor&gt;b__1_1()</Name>
              <SequencePoints />
              <BranchPoints />
              <MethodPoint vc="0" uspid="100663371" ordinal="0" offset="0" />
            </Method>
            <Method skippedDueTo="File" visited="false" cyclomaticComplexity="1" nPathComplexity="0" sequenceCoverage="0" branchCoverage="0" isConstructor="false" isStatic="false" isGetter="false" isSetter="false" crapScore="2">
              <MetadataToken>100663372</MetadataToken>
              <Name>DanskeBank.WordCounter.IWordCounter Program/&lt;&gt;c::&lt;.cctor&gt;b__1_2()</Name>
              <SequencePoints />
              <BranchPoints />
              <MethodPoint vc="0" uspid="100663372" ordinal="0" offset="0" />
            </Method>
            <Method skippedDueTo="File" visited="false" cyclomaticComplexity="1" nPathComplexity="0" sequenceCoverage="0" branchCoverage="0" isConstructor="false" isStatic="false" isGetter="false" isSetter="false" crapScore="2">
              <MetadataToken>100663373</MetadataToken>
              <Name>DanskeBank.WordExcluder.IWordExcluder Program/&lt;&gt;c::&lt;.cctor&gt;b__1_3()</Name>
              <SequencePoints />
              <BranchPoints />
              <MethodPoint vc="0" uspid="100663373" ordinal="0" offset="0" />
            </Method>
            <Method skippedDueTo="Filter" visited="false" cyclomaticComplexity="1" nPathComplexity="0" sequenceCoverage="0" branchCoverage="0" isConstructor="false" isStatic="false" isGetter="false" isSetter="false" crapScore="2">
              <Summary numSequencePoints="0" visitedSequencePoints="0" numBranchPoints="0" visitedBranchPoints="0" sequenceCoverage="0" branchCoverage="0" maxCyclomaticComplexity="0" minCyclomaticComplexity="0" visitedClasses="0" numClasses="0" visitedMethods="0" numMethods="0" minCrapScore="2" maxCrapScore="2" />
              <MetadataToken>100663374</MetadataToken>
              <Name>System.String Program/&lt;&gt;c::&lt;Main&gt;b__3_1(System.String)</Name>
              <SequencePoints />
              <BranchPoints />
              <MethodPoint vc="0" uspid="100663374" ordinal="0" offset="0" />
            </Method>
            <Method skippedDueTo="Filter" visited="false" cyclomaticComplexity="1" nPathComplexity="0" sequenceCoverage="0" branchCoverage="0" isConstructor="false" isStatic="false" isGetter="false" isSetter="false" crapScore="2">
              <Summary numSequencePoints="0" visitedSequencePoints="0" numBranchPoints="0" visitedBranchPoints="0" sequenceCoverage="0" branchCoverage="0" maxCyclomaticComplexity="0" minCyclomaticComplexity="0" visitedClasses="0" numClasses="0" visitedMethods="0" numMethods="0" minCrapScore="2" maxCrapScore="2" />
              <MetadataToken>100663375</MetadataToken>
              <Name>System.Int64 Program/&lt;&gt;c::&lt;Main&gt;b__3_2(System.Collections.Generic.KeyValuePair`2&lt;System.String,System.Int64&gt;)</Name>
              <SequencePoints />
              <BranchPoints />
              <MethodPoint vc="0" uspid="100663375" ordinal="0" offset="0" />
            </Method>
            <Method skippedDueTo="Filter" visited="false" cyclomaticComplexity="1" nPathComplexity="0" sequenceCoverage="0" branchCoverage="0" isConstructor="false" isStatic="false" isGetter="false" isSetter="false" crapScore="2">
              <Summary numSequencePoints="0" visitedSequencePoints="0" numBranchPoints="0" visitedBranchPoints="0" sequenceCoverage="0" branchCoverage="0" maxCyclomaticComplexity="0" minCyclomaticComplexity="0" visitedClasses="0" numClasses="0" visitedMethods="0" numMethods="0" minCrapScore="2" maxCrapScore="2" />
              <MetadataToken>100663376</MetadataToken>
              <Name>System.Int64 Program/&lt;&gt;c::&lt;Main&gt;b__3_3(System.Collections.Generic.KeyValuePair`2&lt;System.String,System.Int64&gt;)</Name>
              <SequencePoints />
              <BranchPoints />
              <MethodPoint vc="0" uspid="100663376" ordinal="0" offset="0" />
            </Method>
            <Method skippedDueTo="Filter" visited="false" cyclomaticComplexity="1" nPathComplexity="0" sequenceCoverage="0" branchCoverage="0" isConstructor="false" isStatic="false" isGetter="false" isSetter="false" crapScore="2">
              <Summary numSequencePoints="0" visitedSequencePoints="0" numBranchPoints="0" visitedBranchPoints="0" sequenceCoverage="0" branchCoverage="0" maxCyclomaticComplexity="0" minCyclomaticComplexity="0" visitedClasses="0" numClasses="0" visitedMethods="0" numMethods="0" minCrapScore="2" maxCrapScore="2" />
              <MetadataToken>100663377</MetadataToken>
              <Name>System.Int64 Program/&lt;&gt;c::&lt;Main&gt;b__3_4(System.Collections.Generic.KeyValuePair`2&lt;System.String,System.Int64&gt;)</Name>
              <SequencePoints />
              <BranchPoints />
              <MethodPoint vc="0" uspid="100663377" ordinal="0" offset="0" />
            </Method>
            <Method skippedDueTo="Filter" visited="false" cyclomaticComplexity="1" nPathComplexity="0" sequenceCoverage="0" branchCoverage="0" isConstructor="false" isStatic="false" isGetter="false" isSetter="false" crapScore="2">
              <Summary numSequencePoints="0" visitedSequencePoints="0" numBranchPoints="0" visitedBranchPoints="0" sequenceCoverage="0" branchCoverage="0" maxCyclomaticComplexity="0" minCyclomaticComplexity="0" visitedClasses="0" numClasses="0" visitedMethods="0" numMethods="0" minCrapScore="2" maxCrapScore="2" />
              <MetadataToken>100663378</MetadataToken>
              <Name>System.Int64 Program/&lt;&gt;c::&lt;Main&gt;b__3_5(System.Collections.Generic.KeyValuePair`2&lt;System.String,System.Int64&gt;)</Name>
              <SequencePoints />
              <BranchPoints />
              <MethodPoint vc="0" uspid="100663378" ordinal="0" offset="0" />
            </Method>
          </Methods>
        </Class>
        <Class>
          <Summary numSequencePoints="0" visitedSequencePoints="0" numBranchPoints="0" visitedBranchPoints="0" sequenceCoverage="0" branchCoverage="0" maxCyclomaticComplexity="1" minCyclomaticComplexity="1" visitedClasses="0" numClasses="0" visitedMethods="0" numMethods="1" minCrapScore="0" maxCrapScore="0" />
          <FullName>Program/&lt;&gt;c__DisplayClass1_0</FullName>
          <Methods>
            <Method skippedDueTo="File" visited="false" cyclomaticComplexity="1" nPathComplexity="0" sequenceCoverage="0" branchCoverage="0" isConstructor="false" isStatic="false" isGetter="false" isSetter="false" crapScore="2">
              <MetadataToken>100663380</MetadataToken>
              <Name>DanskeBank.FileReaderManager.IFileReaderManager Program/&lt;&gt;c__DisplayClass1_0::&lt;.cctor&gt;b__4()</Name>
              <SequencePoints />
              <BranchPoints />
              <MethodPoint vc="0" uspid="100663380" ordinal="0" offset="0" />
            </Method>
          </Methods>
        </Class>
        <Class>
          <Summary numSequencePoints="0" visitedSequencePoints="0" numBranchPoints="0" visitedBranchPoints="0" sequenceCoverage="0" branchCoverage="0" maxCyclomaticComplexity="1" minCyclomaticComplexity="1" visitedClasses="0" numClasses="0" visitedMethods="0" numMethods="2" minCrapScore="0" maxCrapScore="0" />
          <FullName>Program/&lt;&gt;c__DisplayClass2_0</FullName>
          <Methods>
            <Method skippedDueTo="File" visited="false" cyclomaticComplexity="1" nPathComplexity="0" sequenceCoverage="0" branchCoverage="0" isConstructor="false" isStatic="false" isGetter="false" isSetter="false" crapScore="2">
              <MetadataToken>100663382</MetadataToken>
              <Name>System.Boolean Program/&lt;&gt;c__DisplayClass2_0::&lt;BuildConfiguration&gt;b__0(System.String)</Name>
              <SequencePoints />
              <BranchPoints />
              <MethodPoint vc="0" uspid="100663382" ordinal="0" offset="0" />
            </Method>
            <Method skippedDueTo="File" visited="false" cyclomaticComplexity="1" nPathComplexity="0" sequenceCoverage="0" branchCoverage="0" isConstructor="false" isStatic="false" isGetter="false" isSetter="false" crapScore="2">
              <MetadataToken>100663383</MetadataToken>
              <Name>System.Boolean Program/&lt;&gt;c__DisplayClass2_0::&lt;BuildConfiguration&gt;b__1(System.String)</Name>
              <SequencePoints />
              <BranchPoints />
              <MethodPoint vc="0" uspid="100663383" ordinal="0" offset="0" />
            </Method>
          </Methods>
        </Class>
        <Class>
          <Summary numSequencePoints="0" visitedSequencePoints="0" numBranchPoints="0" visitedBranchPoints="0" sequenceCoverage="0" branchCoverage="0" maxCyclomaticComplexity="1" minCyclomaticComplexity="1" visitedClasses="0" numClasses="0" visitedMethods="0" numMethods="1" minCrapScore="0" maxCrapScore="0" />
          <FullName>Program/&lt;&gt;c__DisplayClass3_0</FullName>
          <Methods>
            <Method skippedDueTo="Filter" visited="false" cyclomaticComplexity="1" nPathComplexity="0" sequenceCoverage="0" branchCoverage="0" isConstructor="false" isStatic="false" isGetter="false" isSetter="false" crapScore="2">
              <Summary numSequencePoints="0" visitedSequencePoints="0" numBranchPoints="0" visitedBranchPoints="0" sequenceCoverage="0" branchCoverage="0" maxCyclomaticComplexity="0" minCyclomaticComplexity="0" visitedClasses="0" numClasses="0" visitedMethods="0" numMethods="0" minCrapScore="2" maxCrapScore="2" />
              <MetadataToken>100663385</MetadataToken>
              <Name>System.Threading.Tasks.Task Program/&lt;&gt;c__DisplayClass3_0::&lt;Main&gt;b__0(System.CommandLine.Invocation.InvocationContext)</Name>
              <SequencePoints />
              <BranchPoints />
              <MethodPoint vc="0" uspid="100663385" ordinal="0" offset="0" />
            </Method>
          </Methods>
        </Class>
        <Class>
          <Summary numSequencePoints="0" visitedSequencePoints="0" numBranchPoints="0" visitedBranchPoints="0" sequenceCoverage="0" branchCoverage="0" maxCyclomaticComplexity="23" minCyclomaticComplexity="1" visitedClasses="0" numClasses="0" visitedMethods="0" numMethods="3" minCrapScore="0" maxCrapScore="0" />
          <FullName>Program/&lt;&gt;c__DisplayClass3_0/&lt;&lt;Main&gt;b__0&gt;d</FullName>
          <Methods>
            <Method skippedDueTo="Filter" visited="false" cyclomaticComplexity="1" nPathComplexity="0" sequenceCoverage="0" branchCoverage="0" isConstructor="true" isStatic="false" isGetter="false" isSetter="false" crapScore="2">
              <Summary numSequencePoints="0" visitedSequencePoints="0" numBranchPoints="0" visitedBranchPoints="0" sequenceCoverage="0" branchCoverage="0" maxCyclomaticComplexity="0" minCyclomaticComplexity="0" visitedClasses="0" numClasses="0" visitedMethods="0" numMethods="0" minCrapScore="2" maxCrapScore="2" />
              <MetadataToken>100663456</MetadataToken>
              <Name>System.Void Program/&lt;&gt;c__DisplayClass3_0/&lt;&lt;Main&gt;b__0&gt;d::.ctor()</Name>
              <SequencePoints />
              <BranchPoints />
              <MethodPoint vc="0" uspid="100663456" ordinal="0" offset="0" />
            </Method>
            <Method skippedDueTo="Filter" visited="false" cyclomaticComplexity="23" nPathComplexity="0" sequenceCoverage="0" branchCoverage="0" isConstructor="false" isStatic="false" isGetter="false" isSetter="false" crapScore="552">
              <Summary numSequencePoints="0" visitedSequencePoints="0" numBranchPoints="0" visitedBranchPoints="0" sequenceCoverage="0" branchCoverage="0" maxCyclomaticComplexity="0" minCyclomaticComplexity="0" visitedClasses="0" numClasses="0" visitedMethods="0" numMethods="0" minCrapScore="552" maxCrapScore="552" />
              <MetadataToken>100663457</MetadataToken>
              <Name>System.Void Program/&lt;&gt;c__DisplayClass3_0/&lt;&lt;Main&gt;b__0&gt;d::MoveNext()</Name>
              <SequencePoints />
              <BranchPoints />
              <MethodPoint vc="0" uspid="100663457" ordinal="0" offset="0" />
            </Method>
            <Method skippedDueTo="Filter" visited="false" cyclomaticComplexity="1" nPathComplexity="0" sequenceCoverage="0" branchCoverage="0" isConstructor="false" isStatic="false" isGetter="false" isSetter="false" crapScore="2">
              <Summary numSequencePoints="0" visitedSequencePoints="0" numBranchPoints="0" visitedBranchPoints="0" sequenceCoverage="0" branchCoverage="0" maxCyclomaticComplexity="0" minCyclomaticComplexity="0" visitedClasses="0" numClasses="0" visitedMethods="0" numMethods="0" minCrapScore="2" maxCrapScore="2" />
              <MetadataToken>100663458</MetadataToken>
              <Name>System.Void Program/&lt;&gt;c__DisplayClass3_0/&lt;&lt;Main&gt;b__0&gt;d::SetStateMachine(System.Runtime.CompilerServices.IAsyncStateMachine)</Name>
              <SequencePoints />
              <BranchPoints />
              <MethodPoint vc="0" uspid="100663458" ordinal="0" offset="0" />
            </Method>
          </Methods>
        </Class>
        <Class>
          <Summary numSequencePoints="0" visitedSequencePoints="0" numBranchPoints="0" visitedBranchPoints="0" sequenceCoverage="0" branchCoverage="0" maxCyclomaticComplexity="3" minCyclomaticComplexity="1" visitedClasses="0" numClasses="0" visitedMethods="0" numMethods="2" minCrapScore="0" maxCrapScore="0" />
          <FullName>Program/&lt;Main&gt;d__3</FullName>
          <Methods>
            <Method skippedDueTo="Filter" visited="false" cyclomaticComplexity="3" nPathComplexity="0" sequenceCoverage="0" branchCoverage="0" isConstructor="false" isStatic="false" isGetter="false" isSetter="false" crapScore="12">
              <Summary numSequencePoints="0" visitedSequencePoints="0" numBranchPoints="0" visitedBranchPoints="0" sequenceCoverage="0" branchCoverage="0" maxCyclomaticComplexity="0" minCyclomaticComplexity="0" visitedClasses="0" numClasses="0" visitedMethods="0" numMethods="0" minCrapScore="12" maxCrapScore="12" />
              <MetadataToken>100663387</MetadataToken>
              <Name>System.Void Program/&lt;Main&gt;d__3::MoveNext()</Name>
              <SequencePoints />
              <BranchPoints />
              <MethodPoint vc="0" uspid="100663387" ordinal="0" offset="0" />
            </Method>
            <Method skippedDueTo="Filter" visited="false" cyclomaticComplexity="1" nPathComplexity="0" sequenceCoverage="0" branchCoverage="0" isConstructor="false" isStatic="false" isGetter="false" isSetter="false" crapScore="2">
              <Summary numSequencePoints="0" visitedSequencePoints="0" numBranchPoints="0" visitedBranchPoints="0" sequenceCoverage="0" branchCoverage="0" maxCyclomaticComplexity="0" minCyclomaticComplexity="0" visitedClasses="0" numClasses="0" visitedMethods="0" numMethods="0" minCrapScore="2" maxCrapScore="2" />
              <MetadataToken>100663388</MetadataToken>
              <Name>System.Void Program/&lt;Main&gt;d__3::SetStateMachine(System.Runtime.CompilerServices.IAsyncStateMachine)</Name>
              <SequencePoints />
              <BranchPoints />
              <MethodPoint vc="0" uspid="100663388" ordinal="0" offset="0" />
            </Method>
          </Methods>
        </Class>
        <Class>
          <Summary numSequencePoints="1" visitedSequencePoints="1" numBranchPoints="1" visitedBranchPoints="0" sequenceCoverage="100" branchCoverage="0" maxCyclomaticComplexity="1" minCyclomaticComplexity="1" visitedClasses="1" numClasses="1" visitedMethods="1" numMethods="1" minCrapScore="1" maxCrapScore="1" />
          <FullName>DanskeBank.Configuration</FullName>
          <Methods>
            <Method visited="true" cyclomaticComplexity="1" nPathComplexity="0" sequenceCoverage="100" branchCoverage="0" isConstructor="false" isStatic="false" isGetter="true" isSetter="false" crapScore="1">
              <Summary numSequencePoints="1" visitedSequencePoints="1" numBranchPoints="1" visitedBranchPoints="0" sequenceCoverage="100" branchCoverage="0" maxCyclomaticComplexity="1" minCyclomaticComplexity="1" visitedClasses="0" numClasses="0" visitedMethods="1" numMethods="1" minCrapScore="1" maxCrapScore="1" />
              <MetadataToken>100663313</MetadataToken>
              <Name>System.String DanskeBank.Configuration::get_OutPutExcludeFileName()</Name>
              <FileRef uid="2" />
              <SequencePoints>
                <SequencePoint vc="1" uspid="84" ordinal="0" offset="0" sl="7" sc="44" el="7" ec="68" bec="0" bev="0" fileid="2" />
              </SequencePoints>
              <BranchPoints />
              <MethodPoint xsi:type="SequencePoint" vc="1" uspid="84" ordinal="0" offset="0" sl="7" sc="44" el="7" ec="68" bec="0" bev="0" fileid="2" />
            </Method>
            <Method visited="true" cyclomaticComplexity="1" nPathComplexity="0" sequenceCoverage="0" branchCoverage="0" isConstructor="true" isStatic="false" isGetter="false" isSetter="false" crapScore="1">
              <Summary numSequencePoints="0" visitedSequencePoints="0" numBranchPoints="0" visitedBranchPoints="0" sequenceCoverage="0" branchCoverage="0" maxCyclomaticComplexity="1" minCyclomaticComplexity="1" visitedClasses="0" numClasses="0" visitedMethods="0" numMethods="0" minCrapScore="1" maxCrapScore="1" />
              <MetadataToken>100663314</MetadataToken>
              <Name>System.Void DanskeBank.Configuration::.ctor()</Name>
              <SequencePoints />
              <BranchPoints />
              <MethodPoint vc="5" uspid="100663314" ordinal="0" offset="0" />
            </Method>
          </Methods>
        </Class>
        <Class>
          <Summary numSequencePoints="29" visitedSequencePoints="29" numBranchPoints="9" visitedBranchPoints="5" sequenceCoverage="100" branchCoverage="55.56" maxCyclomaticComplexity="3" minCyclomaticComplexity="1" visitedClasses="1" numClasses="1" visitedMethods="5" numMethods="5" minCrapScore="1" maxCrapScore="3" />
          <FullName>DanskeBank.WordExcluder.WordExcluder</FullName>
          <Methods>
            <Method visited="true" cyclomaticComplexity="2" nPathComplexity="0" sequenceCoverage="100" branchCoverage="0" isConstructor="true" isStatic="false" isGetter="false" isSetter="false" crapScore="2">
              <Summary numSequencePoints="5" visitedSequencePoints="5" numBranchPoints="1" visitedBranchPoints="0" sequenceCoverage="100" branchCoverage="0" maxCyclomaticComplexity="2" minCyclomaticComplexity="2" visitedClasses="0" numClasses="0" visitedMethods="1" numMethods="1" minCrapScore="2" maxCrapScore="2" />
              <MetadataToken>100663319</MetadataToken>
              <Name>System.Void DanskeBank.WordExcluder.WordExcluder::.ctor(DanskeBank.Guard.IGuard,System.Collections.Concurrent.ConcurrentDictionary`2&lt;System.String,System.Int64&gt;)</Name>
              <FileRef uid="3" />
              <SequencePoints>
                <SequencePoint vc="21" uspid="89" ordinal="0" offset="0" sl="11" sc="5" el="11" ec="91" bec="0" bev="0" fileid="3" />
                <SequencePoint vc="21" uspid="88" ordinal="1" offset="7" sl="12" sc="5" el="12" ec="6" bec="0" bev="0" fileid="3" />
                <SequencePoint vc="21" uspid="87" ordinal="2" offset="8" sl="13" sc="9" el="13" ec="78" bec="0" bev="0" fileid="3" />
                <SequencePoint vc="20" uspid="86" ordinal="3" offset="30" sl="14" sc="9" el="14" ec="74" bec="0" bev="0" fileid="3" />
                <SequencePoint vc="19" uspid="85" ordinal="4" offset="49" sl="15" sc="5" el="15" ec="6" bec="0" bev="0" fileid="3" />
              </SequencePoints>
              <BranchPoints />
              <MethodPoint xsi:type="SequencePoint" vc="21" uspid="89" ordinal="0" offset="0" sl="11" sc="5" el="11" ec="91" bec="0" bev="0" fileid="3" />
            </Method>
            <Method visited="true" cyclomaticComplexity="1" nPathComplexity="0" sequenceCoverage="100" branchCoverage="0" isConstructor="true" isStatic="false" isGetter="false" isSetter="false" crapScore="1">
              <Summary numSequencePoints="3" visitedSequencePoints="3" numBranchPoints="1" visitedBranchPoints="0" sequenceCoverage="100" branchCoverage="0" maxCyclomaticComplexity="1" minCyclomaticComplexity="1" visitedClasses="0" numClasses="0" visitedMethods="1" numMethods="1" minCrapScore="1" maxCrapScore="1" />
              <MetadataToken>100663320</MetadataToken>
              <Name>System.Void DanskeBank.WordExcluder.WordExcluder::.ctor(DanskeBank.Guard.IGuard)</Name>
              <FileRef uid="3" />
              <SequencePoints>
                <SequencePoint vc="9" uspid="92" ordinal="0" offset="0" sl="17" sc="41" el="17" ec="94" bec="0" bev="0" fileid="3" />
                <SequencePoint vc="8" uspid="91" ordinal="1" offset="13" sl="18" sc="5" el="18" ec="6" bec="0" bev="0" fileid="3" />
                <SequencePoint vc="8" uspid="90" ordinal="2" offset="14" sl="19" sc="5" el="19" ec="6" bec="0" bev="0" fileid="3" />
              </SequencePoints>
              <BranchPoints />
              <MethodPoint xsi:type="SequencePoint" vc="9" uspid="92" ordinal="0" offset="0" sl="17" sc="41" el="17" ec="94" bec="0" bev="0" fileid="3" />
            </Method>
            <Method visited="true" cyclomaticComplexity="1" nPathComplexity="0" sequenceCoverage="100" branchCoverage="0" isConstructor="false" isStatic="false" isGetter="false" isSetter="false" crapScore="1">
              <Summary numSequencePoints="4" visitedSequencePoints="4" numBranchPoints="1" visitedBranchPoints="0" sequenceCoverage="100" branchCoverage="0" maxCyclomaticComplexity="1" minCyclomaticComplexity="1" visitedClasses="0" numClasses="0" visitedMethods="1" numMethods="1" minCrapScore="1" maxCrapScore="1" />
              <MetadataToken>100663321</MetadataToken>
              <Name>System.Boolean DanskeBank.WordExcluder.WordExcluder::IsExcluded(System.String)</Name>
              <FileRef uid="3" />
              <SequencePoints>
                <SequencePoint vc="5" uspid="96" ordinal="0" offset="0" sl="22" sc="5" el="22" ec="6" bec="0" bev="0" fileid="3" />
                <SequencePoint vc="5" uspid="95" ordinal="1" offset="1" sl="23" sc="9" el="23" ec="51" bec="0" bev="0" fileid="3" />
                <SequencePoint vc="2" uspid="94" ordinal="2" offset="25" sl="24" sc="9" el="24" ec="51" bec="0" bev="0" fileid="3" />
                <SequencePoint vc="2" uspid="93" ordinal="3" offset="40" sl="25" sc="5" el="25" ec="6" bec="0" bev="0" fileid="3" />
              </SequencePoints>
              <BranchPoints />
              <MethodPoint xsi:type="SequencePoint" vc="5" uspid="96" ordinal="0" offset="0" sl="22" sc="5" el="22" ec="6" bec="0" bev="0" fileid="3" />
            </Method>
            <Method visited="true" cyclomaticComplexity="2" nPathComplexity="0" sequenceCoverage="100" branchCoverage="0" isConstructor="false" isStatic="false" isGetter="false" isSetter="false" crapScore="2">
              <Summary numSequencePoints="4" visitedSequencePoints="4" numBranchPoints="1" visitedBranchPoints="0" sequenceCoverage="100" branchCoverage="0" maxCyclomaticComplexity="2" minCyclomaticComplexity="2" visitedClasses="0" numClasses="0" visitedMethods="1" numMethods="1" minCrapScore="2" maxCrapScore="2" />
              <MetadataToken>100663322</MetadataToken>
              <Name>System.Void DanskeBank.WordExcluder.WordExcluder::IncrementExcludeWord(System.String)</Name>
              <FileRef uid="3" />
              <SequencePoints>
                <SequencePoint vc="6" uspid="100" ordinal="0" offset="0" sl="28" sc="5" el="28" ec="6" bec="0" bev="0" fileid="3" />
                <SequencePoint vc="6" uspid="99" ordinal="1" offset="1" sl="29" sc="9" el="29" ec="58" bec="0" bev="0" fileid="3" />
                <SequencePoint vc="3" uspid="98" ordinal="2" offset="25" sl="30" sc="9" el="30" ec="87" bec="0" bev="0" fileid="3" />
                <SequencePoint vc="3" uspid="97" ordinal="3" offset="71" sl="31" sc="5" el="31" ec="6" bec="0" bev="0" fileid="3" />
              </SequencePoints>
              <BranchPoints />
              <MethodPoint xsi:type="SequencePoint" vc="6" uspid="100" ordinal="0" offset="0" sl="28" sc="5" el="28" ec="6" bec="0" bev="0" fileid="3" />
            </Method>
            <Method visited="true" cyclomaticComplexity="3" nPathComplexity="4" sequenceCoverage="100" branchCoverage="100" isConstructor="false" isStatic="false" isGetter="false" isSetter="false" crapScore="3">
              <Summary numSequencePoints="13" visitedSequencePoints="13" numBranchPoints="5" visitedBranchPoints="5" sequenceCoverage="100" branchCoverage="100" maxCyclomaticComplexity="3" minCyclomaticComplexity="3" visitedClasses="0" numClasses="0" visitedMethods="1" numMethods="1" minCrapScore="3" maxCrapScore="3" />
              <MetadataToken>100663323</MetadataToken>
              <Name>System.Void DanskeBank.WordExcluder.WordExcluder::AddExcludeWord(System.String[])</Name>
              <FileRef uid="3" />
              <SequencePoints>
                <SequencePoint vc="7" uspid="113" ordinal="0" offset="0" sl="34" sc="5" el="34" ec="6" bec="0" bev="0" fileid="3" />
                <SequencePoint vc="7" uspid="112" ordinal="1" offset="1" sl="35" sc="9" el="35" ec="16" bec="0" bev="0" fileid="3" />
                <SequencePoint vc="7" uspid="111" ordinal="2" offset="2" sl="35" sc="30" el="35" ec="41" bec="0" bev="0" fileid="3" />
                <SequencePoint vc="7" uspid="110" ordinal="3" offset="8" sl="35" sc="18" el="35" ec="26" bec="0" bev="0" fileid="3" />
                <SequencePoint vc="7" uspid="109" ordinal="4" offset="12" sl="36" sc="9" el="36" ec="10" bec="0" bev="0" fileid="3" />
                <SequencePoint vc="7" uspid="108" ordinal="5" offset="13" sl="37" sc="13" el="37" ec="55" bec="0" bev="0" fileid="3" />
                <SequencePoint vc="4" uspid="107" ordinal="6" offset="37" sl="39" sc="13" el="39" ec="59" bec="2" bev="2" fileid="3" />
                <SequencePoint vc="1" uspid="106" ordinal="7" offset="55" sl="40" sc="13" el="40" ec="14" bec="0" bev="0" fileid="3" />
                <SequencePoint vc="1" uspid="105" ordinal="8" offset="56" sl="41" sc="17" el="41" ec="86" bec="0" bev="0" fileid="3" />
                <SequencePoint vc="3" uspid="104" ordinal="9" offset="78" sl="44" sc="13" el="44" ec="46" bec="0" bev="0" fileid="3" />
                <SequencePoint vc="3" uspid="103" ordinal="10" offset="93" sl="45" sc="9" el="45" ec="10" bec="0" bev="0" fileid="3" />
                <SequencePoint vc="10" uspid="102" ordinal="11" offset="98" sl="35" sc="27" el="35" ec="29" bec="2" bev="2" fileid="3" />
                <SequencePoint vc="3" uspid="101" ordinal="12" offset="104" sl="46" sc="5" el="46" ec="6" bec="0" bev="0" fileid="3" />
              </SequencePoints>
              <BranchPoints>
                <BranchPoint vc="1" uspid="4" ordinal="0" offset="53" sl="39" path="0" offsetend="55" fileid="3" />
                <BranchPoint vc="3" uspid="5" ordinal="1" offset="53" sl="39" path="1" offsetend="78" fileid="3" />
                <BranchPoint vc="3" uspid="6" ordinal="2" offset="102" sl="35" path="0" offsetend="104" fileid="3" />
                <BranchPoint vc="7" uspid="7" ordinal="3" offset="102" sl="35" path="1" offsetend="8" fileid="3" />
              </BranchPoints>
              <MethodPoint xsi:type="SequencePoint" vc="7" uspid="113" ordinal="0" offset="0" sl="34" sc="5" el="34" ec="6" bec="0" bev="0" fileid="3" />
            </Method>
            <Method visited="true" cyclomaticComplexity="1" nPathComplexity="0" sequenceCoverage="0" branchCoverage="0" isConstructor="false" isStatic="false" isGetter="false" isSetter="false" crapScore="1">
              <Summary numSequencePoints="0" visitedSequencePoints="0" numBranchPoints="0" visitedBranchPoints="0" sequenceCoverage="0" branchCoverage="0" maxCyclomaticComplexity="1" minCyclomaticComplexity="1" visitedClasses="0" numClasses="0" visitedMethods="0" numMethods="0" minCrapScore="1" maxCrapScore="1" />
              <MetadataToken>100663324</MetadataToken>
              <Name>System.Collections.Generic.IEnumerable`1&lt;System.Collections.Generic.KeyValuePair`2&lt;System.String,System.Int64&gt;&gt; DanskeBank.WordExcluder.WordExcluder::GetExcludeWordCount()</Name>
              <SequencePoints />
              <BranchPoints />
              <MethodPoint vc="2" uspid="100663324" ordinal="0" offset="0" />
            </Method>
          </Methods>
        </Class>
        <Class>
          <Summary numSequencePoints="1" visitedSequencePoints="1" numBranchPoints="1" visitedBranchPoints="0" sequenceCoverage="100" branchCoverage="0" maxCyclomaticComplexity="1" minCyclomaticComplexity="1" visitedClasses="1" numClasses="1" visitedMethods="1" numMethods="1" minCrapScore="1" maxCrapScore="1" />
          <FullName>DanskeBank.WordExcluder.WordExcluder/&lt;&gt;c</FullName>
          <Methods>
            <Method visited="true" cyclomaticComplexity="1" nPathComplexity="0" sequenceCoverage="100" branchCoverage="0" isConstructor="false" isStatic="false" isGetter="false" isSetter="false" crapScore="1">
              <Summary numSequencePoints="1" visitedSequencePoints="1" numBranchPoints="1" visitedBranchPoints="0" sequenceCoverage="100" branchCoverage="0" maxCyclomaticComplexity="1" minCyclomaticComplexity="1" visitedClasses="0" numClasses="0" visitedMethods="1" numMethods="1" minCrapScore="1" maxCrapScore="1" />
              <MetadataToken>100663391</MetadataToken>
              <Name>System.Int64 DanskeBank.WordExcluder.WordExcluder/&lt;&gt;c::&lt;IncrementExcludeWord&gt;b__5_0(System.String,System.Int64)</Name>
              <FileRef uid="3" />
              <SequencePoints>
                <SequencePoint vc="2" uspid="114" ordinal="0" offset="0" sl="30" sc="73" el="30" ec="85" bec="0" bev="0" fileid="3" />
              </SequencePoints>
              <BranchPoints />
              <MethodPoint xsi:type="SequencePoint" vc="2" uspid="114" ordinal="0" offset="0" sl="30" sc="73" el="30" ec="85" bec="0" bev="0" fileid="3" />
            </Method>
          </Methods>
        </Class>
        <Class>
          <Summary numSequencePoints="9" visitedSequencePoints="9" numBranchPoints="3" visitedBranchPoints="3" sequenceCoverage="100" branchCoverage="100" maxCyclomaticComplexity="4" minCyclomaticComplexity="1" visitedClasses="1" numClasses="1" visitedMethods="1" numMethods="1" minCrapScore="4" maxCrapScore="4" />
          <FullName>DanskeBank.WordExcluder.WordExcluder/&lt;GetExcludeWordCount&gt;d__7</FullName>
          <Methods>
            <Method visited="true" cyclomaticComplexity="3" nPathComplexity="0" sequenceCoverage="0" branchCoverage="0" isConstructor="false" isStatic="false" isGetter="false" isSetter="false" crapScore="3">
              <Summary numSequencePoints="0" visitedSequencePoints="0" numBranchPoints="0" visitedBranchPoints="0" sequenceCoverage="0" branchCoverage="0" maxCyclomaticComplexity="3" minCyclomaticComplexity="3" visitedClasses="0" numClasses="0" visitedMethods="0" numMethods="0" minCrapScore="3" maxCrapScore="3" />
              <MetadataToken>100663393</MetadataToken>
              <Name>System.Void DanskeBank.WordExcluder.WordExcluder/&lt;GetExcludeWordCount&gt;d__7::System.IDisposable.Dispose()</Name>
              <SequencePoints />
              <BranchPoints />
              <MethodPoint vc="2" uspid="100663393" ordinal="0" offset="0" />
            </Method>
            <Method visited="true" cyclomaticComplexity="4" nPathComplexity="2" sequenceCoverage="100" branchCoverage="100" isConstructor="false" isStatic="false" isGetter="false" isSetter="false" crapScore="4">
              <Summary numSequencePoints="9" visitedSequencePoints="9" numBranchPoints="3" visitedBranchPoints="3" sequenceCoverage="100" branchCoverage="100" maxCyclomaticComplexity="4" minCyclomaticComplexity="4" visitedClasses="0" numClasses="0" visitedMethods="1" numMethods="1" minCrapScore="4" maxCrapScore="4" />
              <MetadataToken>100663394</MetadataToken>
              <Name>System.Boolean DanskeBank.WordExcluder.WordExcluder/&lt;GetExcludeWordCount&gt;d__7::MoveNext()</Name>
              <FileRef uid="3" />
              <SequencePoints>
                <SequencePoint vc="2" uspid="123" ordinal="0" offset="36" sl="49" sc="5" el="49" ec="6" bec="0" bev="0" fileid="3" />
                <SequencePoint vc="2" uspid="122" ordinal="1" offset="37" sl="50" sc="9" el="50" ec="16" bec="0" bev="0" fileid="3" />
                <SequencePoint vc="2" uspid="121" ordinal="2" offset="38" sl="50" sc="29" el="50" ec="45" bec="0" bev="0" fileid="3" />
                <SequencePoint vc="3" uspid="120" ordinal="3" offset="70" sl="50" sc="18" el="50" ec="25" bec="0" bev="0" fileid="3" />
                <SequencePoint vc="3" uspid="119" ordinal="4" offset="87" sl="51" sc="9" el="51" ec="10" bec="0" bev="0" fileid="3" />
                <SequencePoint vc="3" uspid="118" ordinal="5" offset="88" sl="52" sc="13" el="52" ec="30" bec="0" bev="0" fileid="3" />
                <SequencePoint vc="3" uspid="117" ordinal="6" offset="119" sl="53" sc="9" el="53" ec="10" bec="0" bev="0" fileid="3" />
                <SequencePoint vc="5" uspid="116" ordinal="7" offset="132" sl="50" sc="26" el="50" ec="28" bec="2" bev="2" fileid="3" />
                <SequencePoint vc="2" uspid="115" ordinal="8" offset="159" sl="54" sc="5" el="54" ec="6" bec="0" bev="0" fileid="3" />
              </SequencePoints>
              <BranchPoints>
                <BranchPoint vc="5" uspid="10" ordinal="0" offset="143" sl="50" path="0" offsetend="145" fileid="3" />
                <BranchPoint vc="13" uspid="11" ordinal="1" offset="143" sl="50" path="1" offsetend="70" fileid="3" />
              </BranchPoints>
              <MethodPoint xsi:type="SequencePoint" vc="2" uspid="123" ordinal="0" offset="36" sl="49" sc="5" el="49" ec="6" bec="0" bev="0" fileid="3" />
            </Method>
            <Method visited="true" cyclomaticComplexity="2" nPathComplexity="0" sequenceCoverage="0" branchCoverage="0" isConstructor="false" isStatic="false" isGetter="false" isSetter="false" crapScore="2">
              <Summary numSequencePoints="0" visitedSequencePoints="0" numBranchPoints="0" visitedBranchPoints="0" sequenceCoverage="0" branchCoverage="0" maxCyclomaticComplexity="2" minCyclomaticComplexity="2" visitedClasses="0" numClasses="0" visitedMethods="0" numMethods="0" minCrapScore="2" maxCrapScore="2" />
              <MetadataToken>100663395</MetadataToken>
              <Name>System.Void DanskeBank.WordExcluder.WordExcluder/&lt;GetExcludeWordCount&gt;d__7::&lt;&gt;m__Finally1()</Name>
              <SequencePoints />
              <BranchPoints />
              <MethodPoint vc="2" uspid="100663395" ordinal="0" offset="0" />
            </Method>
            <Method visited="true" cyclomaticComplexity="1" nPathComplexity="0" sequenceCoverage="0" branchCoverage="0" isConstructor="false" isStatic="false" isGetter="true" isSetter="false" crapScore="1">
              <Summary numSequencePoints="0" visitedSequencePoints="0" numBranchPoints="0" visitedBranchPoints="0" sequenceCoverage="0" branchCoverage="0" maxCyclomaticComplexity="1" minCyclomaticComplexity="1" visitedClasses="0" numClasses="0" visitedMethods="0" numMethods="0" minCrapScore="1" maxCrapScore="1" />
              <MetadataToken>100663396</MetadataToken>
              <Name>System.Collections.Generic.KeyValuePair`2&lt;System.String,System.Int64&gt; DanskeBank.WordExcluder.WordExcluder/&lt;GetExcludeWordCount&gt;d__7::System.Collections.Generic.IEnumerator&lt;System.Collections.Generic.KeyValuePair&lt;System.String,System.Int64&gt;&gt;.get_Current()</Name>
              <SequencePoints />
              <BranchPoints />
              <MethodPoint vc="3" uspid="100663396" ordinal="0" offset="0" />
            </Method>
            <Method visited="false" cyclomaticComplexity="1" nPathComplexity="0" sequenceCoverage="0" branchCoverage="0" isConstructor="false" isStatic="false" isGetter="false" isSetter="false" crapScore="2">
              <Summary numSequencePoints="0" visitedSequencePoints="0" numBranchPoints="0" visitedBranchPoints="0" sequenceCoverage="0" branchCoverage="0" maxCyclomaticComplexity="1" minCyclomaticComplexity="1" visitedClasses="0" numClasses="0" visitedMethods="0" numMethods="0" minCrapScore="2" maxCrapScore="2" />
              <MetadataToken>100663397</MetadataToken>
              <Name>System.Void DanskeBank.WordExcluder.WordExcluder/&lt;GetExcludeWordCount&gt;d__7::System.Collections.IEnumerator.Reset()</Name>
              <SequencePoints />
              <BranchPoints />
              <MethodPoint vc="0" uspid="100663397" ordinal="0" offset="0" />
            </Method>
            <Method visited="false" cyclomaticComplexity="1" nPathComplexity="0" sequenceCoverage="0" branchCoverage="0" isConstructor="false" isStatic="false" isGetter="true" isSetter="false" crapScore="2">
              <Summary numSequencePoints="0" visitedSequencePoints="0" numBranchPoints="0" visitedBranchPoints="0" sequenceCoverage="0" branchCoverage="0" maxCyclomaticComplexity="1" minCyclomaticComplexity="1" visitedClasses="0" numClasses="0" visitedMethods="0" numMethods="0" minCrapScore="2" maxCrapScore="2" />
              <MetadataToken>100663398</MetadataToken>
              <Name>System.Object DanskeBank.WordExcluder.WordExcluder/&lt;GetExcludeWordCount&gt;d__7::System.Collections.IEnumerator.get_Current()</Name>
              <SequencePoints />
              <BranchPoints />
              <MethodPoint vc="0" uspid="100663398" ordinal="0" offset="0" />
            </Method>
            <Method visited="true" cyclomaticComplexity="3" nPathComplexity="0" sequenceCoverage="0" branchCoverage="0" isConstructor="false" isStatic="false" isGetter="false" isSetter="false" crapScore="3">
              <Summary numSequencePoints="0" visitedSequencePoints="0" numBranchPoints="0" visitedBranchPoints="0" sequenceCoverage="0" branchCoverage="0" maxCyclomaticComplexity="3" minCyclomaticComplexity="3" visitedClasses="0" numClasses="0" visitedMethods="0" numMethods="0" minCrapScore="3" maxCrapScore="3" />
              <MetadataToken>100663399</MetadataToken>
              <Name>System.Collections.Generic.IEnumerator`1&lt;System.Collections.Generic.KeyValuePair`2&lt;System.String,System.Int64&gt;&gt; DanskeBank.WordExcluder.WordExcluder/&lt;GetExcludeWordCount&gt;d__7::System.Collections.Generic.IEnumerable&lt;System.Collections.Generic.KeyValuePair&lt;System.String,System.Int64&gt;&gt;.GetEnumerator()</Name>
              <SequencePoints />
              <BranchPoints />
              <MethodPoint vc="2" uspid="100663399" ordinal="0" offset="0" />
            </Method>
            <Method visited="false" cyclomaticComplexity="1" nPathComplexity="0" sequenceCoverage="0" branchCoverage="0" isConstructor="false" isStatic="false" isGetter="false" isSetter="false" crapScore="2">
              <Summary numSequencePoints="0" visitedSequencePoints="0" numBranchPoints="0" visitedBranchPoints="0" sequenceCoverage="0" branchCoverage="0" maxCyclomaticComplexity="1" minCyclomaticComplexity="1" visitedClasses="0" numClasses="0" visitedMethods="0" numMethods="0" minCrapScore="2" maxCrapScore="2" />
              <MetadataToken>100663400</MetadataToken>
              <Name>System.Collections.IEnumerator DanskeBank.WordExcluder.WordExcluder/&lt;GetExcludeWordCount&gt;d__7::System.Collections.IEnumerable.GetEnumerator()</Name>
              <SequencePoints />
              <BranchPoints />
              <MethodPoint vc="0" uspid="100663400" ordinal="0" offset="0" />
            </Method>
          </Methods>
        </Class>
        <Class>
          <Summary numSequencePoints="7" visitedSequencePoints="7" numBranchPoints="1" visitedBranchPoints="0" sequenceCoverage="100" branchCoverage="0" maxCyclomaticComplexity="2" minCyclomaticComplexity="1" visitedClasses="1" numClasses="1" visitedMethods="1" numMethods="1" minCrapScore="2" maxCrapScore="2" />
          <FullName>DanskeBank.WordCountWorkFlow.WordCountWorkFlow</FullName>
          <Methods>
            <Method visited="true" cyclomaticComplexity="2" nPathComplexity="0" sequenceCoverage="100" branchCoverage="0" isConstructor="true" isStatic="false" isGetter="false" isSetter="false" crapScore="2">
              <Summary numSequencePoints="7" visitedSequencePoints="7" numBranchPoints="1" visitedBranchPoints="0" sequenceCoverage="100" branchCoverage="0" maxCyclomaticComplexity="2" minCyclomaticComplexity="2" visitedClasses="0" numClasses="0" visitedMethods="1" numMethods="1" minCrapScore="2" maxCrapScore="2" />
              <MetadataToken>100663326</MetadataToken>
              <Name>System.Void DanskeBank.WordCountWorkFlow.WordCountWorkFlow::.ctor(DanskeBank.Guard.IGuard,DanskeBank.WordCountManager.IWordCountManager,DanskeBank.FileReaderManager.IFileReaderManager,DanskeBank.FileWriterManager.IFileWriterManager)</Name>
              <FileRef uid="4" />
              <SequencePoints>
                <SequencePoint vc="10" uspid="130" ordinal="0" offset="0" sl="16" sc="5" el="16" ec="155" bec="0" bev="0" fileid="4" />
                <SequencePoint vc="10" uspid="129" ordinal="1" offset="7" sl="17" sc="5" el="17" ec="6" bec="0" bev="0" fileid="4" />
                <SequencePoint vc="10" uspid="128" ordinal="2" offset="8" sl="18" sc="9" el="18" ec="78" bec="0" bev="0" fileid="4" />
                <SequencePoint vc="9" uspid="127" ordinal="3" offset="30" sl="19" sc="9" el="19" ec="74" bec="0" bev="0" fileid="4" />
                <SequencePoint vc="8" uspid="126" ordinal="4" offset="49" sl="20" sc="9" el="20" ec="76" bec="0" bev="0" fileid="4" />
                <SequencePoint vc="7" uspid="125" ordinal="5" offset="68" sl="21" sc="9" el="21" ec="76" bec="0" bev="0" fileid="4" />
                <SequencePoint vc="6" uspid="124" ordinal="6" offset="88" sl="22" sc="5" el="22" ec="6" bec="0" bev="0" fileid="4" />
              </SequencePoints>
              <BranchPoints />
              <MethodPoint xsi:type="SequencePoint" vc="10" uspid="130" ordinal="0" offset="0" sl="16" sc="5" el="16" ec="155" bec="0" bev="0" fileid="4" />
            </Method>
            <Method visited="true" cyclomaticComplexity="1" nPathComplexity="0" sequenceCoverage="0" branchCoverage="0" isConstructor="false" isStatic="false" isGetter="false" isSetter="false" crapScore="1">
              <Summary numSequencePoints="0" visitedSequencePoints="0" numBranchPoints="0" visitedBranchPoints="0" sequenceCoverage="0" branchCoverage="0" maxCyclomaticComplexity="1" minCyclomaticComplexity="1" visitedClasses="0" numClasses="0" visitedMethods="0" numMethods="0" minCrapScore="1" maxCrapScore="1" />
              <MetadataToken>100663327</MetadataToken>
              <Name>System.Threading.Tasks.Task DanskeBank.WordCountWorkFlow.WordCountWorkFlow::Execute(System.Threading.Channels.Channel`1&lt;System.String&gt;,DanskeBank.Configuration,System.Threading.CancellationToken,System.Func`2&lt;System.String,System.String&gt;,System.Func`2&lt;System.String,System.Boolean&gt;)</Name>
              <SequencePoints />
              <BranchPoints />
              <MethodPoint vc="6" uspid="100663327" ordinal="0" offset="0" />
            </Method>
          </Methods>
        </Class>
        <Class>
          <Summary numSequencePoints="12" visitedSequencePoints="12" numBranchPoints="1" visitedBranchPoints="0" sequenceCoverage="100" branchCoverage="0" maxCyclomaticComplexity="10" minCyclomaticComplexity="1" visitedClasses="1" numClasses="1" visitedMethods="1" numMethods="1" minCrapScore="10" maxCrapScore="10" />
          <FullName>DanskeBank.WordCountWorkFlow.WordCountWorkFlow/&lt;Execute&gt;d__5</FullName>
          <Methods>
            <Method visited="true" cyclomaticComplexity="10" nPathComplexity="0" sequenceCoverage="100" branchCoverage="0" isConstructor="false" isStatic="false" isGetter="false" isSetter="false" crapScore="10">
              <Summary numSequencePoints="12" visitedSequencePoints="12" numBranchPoints="1" visitedBranchPoints="0" sequenceCoverage="100" branchCoverage="0" maxCyclomaticComplexity="10" minCyclomaticComplexity="10" visitedClasses="0" numClasses="0" visitedMethods="1" numMethods="1" minCrapScore="10" maxCrapScore="10" />
              <MetadataToken>100663402</MetadataToken>
              <Name>System.Void DanskeBank.WordCountWorkFlow.WordCountWorkFlow/&lt;Execute&gt;d__5::MoveNext()</Name>
              <FileRef uid="4" />
              <SequencePoints>
                <SequencePoint vc="6" uspid="142" ordinal="0" offset="51" sl="25" sc="5" el="25" ec="6" bec="0" bev="0" fileid="4" />
                <SequencePoint vc="6" uspid="141" ordinal="1" offset="52" sl="27" sc="9" el="27" ec="41" bec="0" bev="0" fileid="4" />
                <SequencePoint vc="5" uspid="140" ordinal="2" offset="81" sl="28" sc="9" el="28" ec="47" bec="0" bev="0" fileid="4" />
                <SequencePoint vc="4" uspid="139" ordinal="3" offset="110" sl="29" sc="9" el="29" ec="58" bec="0" bev="0" fileid="4" />
                <SequencePoint vc="3" uspid="138" ordinal="4" offset="144" sl="30" sc="9" el="30" ec="76" bec="0" bev="0" fileid="4" />
                <SequencePoint vc="1" uspid="137" ordinal="5" offset="178" sl="33" sc="9" el="33" ec="120" bec="0" bev="0" fileid="4" />
                <SequencePoint vc="1" uspid="136" ordinal="6" offset="229" sl="36" sc="9" el="36" ec="90" bec="0" bev="0" fileid="4" />
                <SequencePoint vc="1" uspid="135" ordinal="7" offset="363" sl="39" sc="9" el="39" ec="35" bec="0" bev="0" fileid="4" />
                <SequencePoint vc="1" uspid="134" ordinal="8" offset="381" sl="42" sc="9" el="42" ec="36" bec="0" bev="0" fileid="4" />
                <SequencePoint vc="1" uspid="133" ordinal="9" offset="477" sl="45" sc="9" el="45" ec="119" bec="0" bev="0" fileid="4" />
                <SequencePoint vc="1" uspid="132" ordinal="10" offset="619" sl="46" sc="9" el="46" ec="164" bec="0" bev="0" fileid="4" />
                <SequencePoint vc="1" uspid="131" ordinal="11" offset="804" sl="47" sc="5" el="47" ec="6" bec="0" bev="0" fileid="4" />
              </SequencePoints>
              <BranchPoints />
              <MethodPoint xsi:type="SequencePoint" vc="6" uspid="142" ordinal="0" offset="51" sl="25" sc="5" el="25" ec="6" bec="0" bev="0" fileid="4" />
            </Method>
            <Method visited="false" cyclomaticComplexity="1" nPathComplexity="0" sequenceCoverage="0" branchCoverage="0" isConstructor="false" isStatic="false" isGetter="false" isSetter="false" crapScore="2">
              <Summary numSequencePoints="0" visitedSequencePoints="0" numBranchPoints="0" visitedBranchPoints="0" sequenceCoverage="0" branchCoverage="0" maxCyclomaticComplexity="1" minCyclomaticComplexity="1" visitedClasses="0" numClasses="0" visitedMethods="0" numMethods="0" minCrapScore="2" maxCrapScore="2" />
              <MetadataToken>100663403</MetadataToken>
              <Name>System.Void DanskeBank.WordCountWorkFlow.WordCountWorkFlow/&lt;Execute&gt;d__5::SetStateMachine(System.Runtime.CompilerServices.IAsyncStateMachine)</Name>
              <SequencePoints />
              <BranchPoints />
              <MethodPoint vc="0" uspid="100663403" ordinal="0" offset="0" />
            </Method>
          </Methods>
        </Class>
        <Class>
          <Summary numSequencePoints="12" visitedSequencePoints="12" numBranchPoints="3" visitedBranchPoints="0" sequenceCoverage="100" branchCoverage="0" maxCyclomaticComplexity="2" minCyclomaticComplexity="1" visitedClasses="1" numClasses="1" visitedMethods="3" numMethods="3" minCrapScore="1" maxCrapScore="2" />
          <FullName>DanskeBank.WordCountManager.WordCountManager</FullName>
          <Methods>
            <Method visited="true" cyclomaticComplexity="2" nPathComplexity="0" sequenceCoverage="100" branchCoverage="0" isConstructor="true" isStatic="false" isGetter="false" isSetter="false" crapScore="2">
              <Summary numSequencePoints="6" visitedSequencePoints="6" numBranchPoints="1" visitedBranchPoints="0" sequenceCoverage="100" branchCoverage="0" maxCyclomaticComplexity="2" minCyclomaticComplexity="2" visitedClasses="0" numClasses="0" visitedMethods="1" numMethods="1" minCrapScore="2" maxCrapScore="2" />
              <MetadataToken>100663331</MetadataToken>
              <Name>System.Void DanskeBank.WordCountManager.WordCountManager::.ctor(DanskeBank.Guard.IGuard,DanskeBank.WordExcluder.IWordExcluder,DanskeBank.WordCounter.IWordCounter)</Name>
              <FileRef uid="5" />
              <SequencePoints>
                <SequencePoint vc="13" uspid="148" ordinal="0" offset="0" sl="14" sc="5" el="17" ec="34" bec="0" bev="0" fileid="5" />
                <SequencePoint vc="13" uspid="147" ordinal="1" offset="7" sl="18" sc="5" el="18" ec="6" bec="0" bev="0" fileid="5" />
                <SequencePoint vc="13" uspid="146" ordinal="2" offset="8" sl="19" sc="9" el="19" ec="78" bec="0" bev="0" fileid="5" />
                <SequencePoint vc="12" uspid="145" ordinal="3" offset="30" sl="20" sc="9" el="20" ec="66" bec="0" bev="0" fileid="5" />
                <SequencePoint vc="11" uspid="144" ordinal="4" offset="49" sl="21" sc="9" el="21" ec="64" bec="0" bev="0" fileid="5" />
                <SequencePoint vc="10" uspid="143" ordinal="5" offset="68" sl="22" sc="5" el="22" ec="6" bec="0" bev="0" fileid="5" />
              </SequencePoints>
              <BranchPoints />
              <MethodPoint xsi:type="SequencePoint" vc="13" uspid="148" ordinal="0" offset="0" sl="14" sc="5" el="17" ec="34" bec="0" bev="0" fileid="5" />
            </Method>
            <Method visited="true" cyclomaticComplexity="1" nPathComplexity="0" sequenceCoverage="0" branchCoverage="0" isConstructor="false" isStatic="false" isGetter="false" isSetter="false" crapScore="1">
              <Summary numSequencePoints="0" visitedSequencePoints="0" numBranchPoints="0" visitedBranchPoints="0" sequenceCoverage="0" branchCoverage="0" maxCyclomaticComplexity="1" minCyclomaticComplexity="1" visitedClasses="0" numClasses="0" visitedMethods="0" numMethods="0" minCrapScore="1" maxCrapScore="1" />
              <MetadataToken>100663332</MetadataToken>
              <Name>System.Threading.Tasks.Task DanskeBank.WordCountManager.WordCountManager::Execute(System.Threading.Channels.ChannelReader`1&lt;System.String&gt;,System.Threading.CancellationToken,System.Func`2&lt;System.String,System.String&gt;,System.Func`2&lt;System.String,System.Boolean&gt;)</Name>
              <SequencePoints />
              <BranchPoints />
              <MethodPoint vc="8" uspid="100663332" ordinal="0" offset="0" />
            </Method>
            <Method visited="true" cyclomaticComplexity="1" nPathComplexity="0" sequenceCoverage="100" branchCoverage="0" isConstructor="false" isStatic="false" isGetter="false" isSetter="false" crapScore="1">
              <Summary numSequencePoints="3" visitedSequencePoints="3" numBranchPoints="1" visitedBranchPoints="0" sequenceCoverage="100" branchCoverage="0" maxCyclomaticComplexity="1" minCyclomaticComplexity="1" visitedClasses="0" numClasses="0" visitedMethods="1" numMethods="1" minCrapScore="1" maxCrapScore="1" />
              <MetadataToken>100663333</MetadataToken>
              <Name>System.Collections.Generic.IEnumerable`1&lt;System.Collections.Generic.KeyValuePair`2&lt;System.String,System.Int64&gt;&gt; DanskeBank.WordCountManager.WordCountManager::GetWordCount()</Name>
              <FileRef uid="5" />
              <SequencePoints>
                <SequencePoint vc="1" uspid="151" ordinal="0" offset="0" sl="49" sc="5" el="49" ec="6" bec="0" bev="0" fileid="5" />
                <SequencePoint vc="1" uspid="150" ordinal="1" offset="1" sl="50" sc="9" el="50" ec="43" bec="0" bev="0" fileid="5" />
                <SequencePoint vc="1" uspid="149" ordinal="2" offset="15" sl="51" sc="5" el="51" ec="6" bec="0" bev="0" fileid="5" />
              </SequencePoints>
              <BranchPoints />
              <MethodPoint xsi:type="SequencePoint" vc="1" uspid="151" ordinal="0" offset="0" sl="49" sc="5" el="49" ec="6" bec="0" bev="0" fileid="5" />
            </Method>
            <Method visited="true" cyclomaticComplexity="1" nPathComplexity="0" sequenceCoverage="100" branchCoverage="0" isConstructor="false" isStatic="false" isGetter="false" isSetter="false" crapScore="1">
              <Summary numSequencePoints="3" visitedSequencePoints="3" numBranchPoints="1" visitedBranchPoints="0" sequenceCoverage="100" branchCoverage="0" maxCyclomaticComplexity="1" minCyclomaticComplexity="1" visitedClasses="0" numClasses="0" visitedMethods="1" numMethods="1" minCrapScore="1" maxCrapScore="1" />
              <MetadataToken>100663334</MetadataToken>
              <Name>System.Collections.Generic.IEnumerable`1&lt;System.Collections.Generic.KeyValuePair`2&lt;System.String,System.Int64&gt;&gt; DanskeBank.WordCountManager.WordCountManager::GetExcludeWordCount()</Name>
              <FileRef uid="5" />
              <SequencePoints>
                <SequencePoint vc="1" uspid="154" ordinal="0" offset="0" sl="54" sc="5" el="54" ec="6" bec="0" bev="0" fileid="5" />
                <SequencePoint vc="1" uspid="153" ordinal="1" offset="1" sl="55" sc="9" el="55" ec="51" bec="0" bev="0" fileid="5" />
                <SequencePoint vc="1" uspid="152" ordinal="2" offset="15" sl="56" sc="5" el="56" ec="6" bec="0" bev="0" fileid="5" />
              </SequencePoints>
              <BranchPoints />
              <MethodPoint xsi:type="SequencePoint" vc="1" uspid="154" ordinal="0" offset="0" sl="54" sc="5" el="54" ec="6" bec="0" bev="0" fileid="5" />
            </Method>
          </Methods>
        </Class>
        <Class>
          <Summary numSequencePoints="18" visitedSequencePoints="18" numBranchPoints="7" visitedBranchPoints="7" sequenceCoverage="100" branchCoverage="100" maxCyclomaticComplexity="16" minCyclomaticComplexity="1" visitedClasses="1" numClasses="1" visitedMethods="1" numMethods="1" minCrapScore="16" maxCrapScore="16" />
          <FullName>DanskeBank.WordCountManager.WordCountManager/&lt;Execute&gt;d__4</FullName>
          <Methods>
            <Method visited="true" cyclomaticComplexity="16" nPathComplexity="8" sequenceCoverage="100" branchCoverage="100" isConstructor="false" isStatic="false" isGetter="false" isSetter="false" crapScore="16">
              <Summary numSequencePoints="18" visitedSequencePoints="18" numBranchPoints="7" visitedBranchPoints="7" sequenceCoverage="100" branchCoverage="100" maxCyclomaticComplexity="16" minCyclomaticComplexity="16" visitedClasses="0" numClasses="0" visitedMethods="1" numMethods="1" minCrapScore="16" maxCrapScore="16" />
              <MetadataToken>100663405</MetadataToken>
              <Name>System.Void DanskeBank.WordCountManager.WordCountManager/&lt;Execute&gt;d__4::MoveNext()</Name>
              <FileRef uid="5" />
              <SequencePoints>
                <SequencePoint vc="8" uspid="172" ordinal="0" offset="25" sl="25" sc="5" el="25" ec="6" bec="0" bev="0" fileid="5" />
                <SequencePoint vc="8" uspid="171" ordinal="1" offset="26" sl="26" sc="9" el="26" ec="41" bec="0" bev="0" fileid="5" />
                <SequencePoint vc="7" uspid="170" ordinal="2" offset="55" sl="28" sc="9" el="28" ec="22" bec="0" bev="0" fileid="5" />
                <SequencePoint vc="7" uspid="169" ordinal="3" offset="56" sl="28" sc="36" el="28" ec="64" bec="0" bev="0" fileid="5" />
                <SequencePoint vc="13" uspid="168" ordinal="4" offset="123" sl="28" sc="24" el="28" ec="32" bec="0" bev="0" fileid="5" />
                <SequencePoint vc="13" uspid="167" ordinal="5" offset="140" sl="29" sc="9" el="29" ec="10" bec="0" bev="0" fileid="5" />
                <SequencePoint vc="13" uspid="166" ordinal="6" offset="141" sl="30" sc="13" el="30" ec="53" bec="2" bev="2" fileid="5" />
                <SequencePoint vc="3" uspid="165" ordinal="7" offset="169" sl="31" sc="13" el="31" ec="14" bec="0" bev="0" fileid="5" />
                <SequencePoint vc="3" uspid="164" ordinal="8" offset="170" sl="32" sc="17" el="32" ec="26" bec="0" bev="0" fileid="5" />
                <SequencePoint vc="10" uspid="163" ordinal="9" offset="175" sl="36" sc="13" el="36" ec="84" bec="0" bev="0" fileid="5" />
                <SequencePoint vc="10" uspid="162" ordinal="10" offset="214" sl="38" sc="13" el="38" ec="56" bec="2" bev="2" fileid="5" />
                <SequencePoint vc="4" uspid="161" ordinal="11" offset="240" sl="39" sc="13" el="39" ec="14" bec="0" bev="0" fileid="5" />
                <SequencePoint vc="4" uspid="160" ordinal="12" offset="241" sl="40" sc="17" el="40" ec="66" bec="0" bev="0" fileid="5" />
                <SequencePoint vc="4" uspid="159" ordinal="13" offset="264" sl="41" sc="17" el="41" ec="26" bec="0" bev="0" fileid="5" />
                <SequencePoint vc="6" uspid="158" ordinal="14" offset="266" sl="44" sc="13" el="44" ec="48" bec="0" bev="0" fileid="5" />
                <SequencePoint vc="6" uspid="157" ordinal="15" offset="289" sl="45" sc="9" el="45" ec="10" bec="0" bev="0" fileid="5" />
                <SequencePoint vc="20" uspid="156" ordinal="16" offset="304" sl="28" sc="33" el="28" ec="35" bec="2" bev="2" fileid="5" />
                <SequencePoint vc="7" uspid="155" ordinal="17" offset="650" sl="46" sc="5" el="46" ec="6" bec="0" bev="0" fileid="5" />
              </SequencePoints>
              <BranchPoints>
                <BranchPoint vc="5" uspid="10" ordinal="0" offset="167" sl="30" path="0" offsetend="169" fileid="5" />
                <BranchPoint vc="13" uspid="11" ordinal="1" offset="167" sl="30" path="1" offsetend="175" fileid="5" />
                <BranchPoint vc="4" uspid="12" ordinal="2" offset="238" sl="38" path="0" offsetend="240" fileid="5" />
                <BranchPoint vc="6" uspid="13" ordinal="3" offset="238" sl="38" path="1" offsetend="266" fileid="5" />
                <BranchPoint vc="7" uspid="14" ordinal="4" offset="424" sl="28" path="0" offsetend="429" fileid="5" />
                <BranchPoint vc="13" uspid="15" ordinal="5" offset="424" sl="28" path="1" offsetend="123" fileid="5" />
              </BranchPoints>
              <MethodPoint xsi:type="SequencePoint" vc="8" uspid="172" ordinal="0" offset="25" sl="25" sc="5" el="25" ec="6" bec="0" bev="0" fileid="5" />
            </Method>
            <Method visited="false" cyclomaticComplexity="1" nPathComplexity="0" sequenceCoverage="0" branchCoverage="0" isConstructor="false" isStatic="false" isGetter="false" isSetter="false" crapScore="2">
              <Summary numSequencePoints="0" visitedSequencePoints="0" numBranchPoints="0" visitedBranchPoints="0" sequenceCoverage="0" branchCoverage="0" maxCyclomaticComplexity="1" minCyclomaticComplexity="1" visitedClasses="0" numClasses="0" visitedMethods="0" numMethods="0" minCrapScore="2" maxCrapScore="2" />
              <MetadataToken>100663406</MetadataToken>
              <Name>System.Void DanskeBank.WordCountManager.WordCountManager/&lt;Execute&gt;d__4::SetStateMachine(System.Runtime.CompilerServices.IAsyncStateMachine)</Name>
              <SequencePoints />
              <BranchPoints />
              <MethodPoint vc="0" uspid="100663406" ordinal="0" offset="0" />
            </Method>
          </Methods>
        </Class>
        <Class>
          <Summary numSequencePoints="12" visitedSequencePoints="12" numBranchPoints="3" visitedBranchPoints="0" sequenceCoverage="100" branchCoverage="0" maxCyclomaticComplexity="2" minCyclomaticComplexity="1" visitedClasses="1" numClasses="1" visitedMethods="3" numMethods="3" minCrapScore="1" maxCrapScore="2" />
          <FullName>DanskeBank.WordCounter.ConcurrentDictionaryWordCounter</FullName>
          <Methods>
            <Method visited="true" cyclomaticComplexity="1" nPathComplexity="0" sequenceCoverage="100" branchCoverage="0" isConstructor="true" isStatic="false" isGetter="false" isSetter="false" crapScore="1">
              <Summary numSequencePoints="3" visitedSequencePoints="3" numBranchPoints="1" visitedBranchPoints="0" sequenceCoverage="100" branchCoverage="0" maxCyclomaticComplexity="1" minCyclomaticComplexity="1" visitedClasses="0" numClasses="0" visitedMethods="1" numMethods="1" minCrapScore="1" maxCrapScore="1" />
              <MetadataToken>100663335</MetadataToken>
              <Name>System.Void DanskeBank.WordCounter.ConcurrentDictionaryWordCounter::.ctor(DanskeBank.Guard.IGuard)</Name>
              <FileRef uid="6" />
              <SequencePoints>
                <SequencePoint vc="6" uspid="175" ordinal="0" offset="0" sl="12" sc="60" el="12" ec="113" bec="0" bev="0" fileid="6" />
                <SequencePoint vc="5" uspid="174" ordinal="1" offset="13" sl="13" sc="5" el="13" ec="6" bec="0" bev="0" fileid="6" />
                <SequencePoint vc="5" uspid="173" ordinal="2" offset="14" sl="14" sc="5" el="14" ec="6" bec="0" bev="0" fileid="6" />
              </SequencePoints>
              <BranchPoints />
              <MethodPoint xsi:type="SequencePoint" vc="6" uspid="175" ordinal="0" offset="0" sl="12" sc="60" el="12" ec="113" bec="0" bev="0" fileid="6" />
            </Method>
            <Method visited="true" cyclomaticComplexity="2" nPathComplexity="0" sequenceCoverage="100" branchCoverage="0" isConstructor="true" isStatic="false" isGetter="false" isSetter="false" crapScore="2">
              <Summary numSequencePoints="5" visitedSequencePoints="5" numBranchPoints="1" visitedBranchPoints="0" sequenceCoverage="100" branchCoverage="0" maxCyclomaticComplexity="2" minCyclomaticComplexity="2" visitedClasses="0" numClasses="0" visitedMethods="1" numMethods="1" minCrapScore="2" maxCrapScore="2" />
              <MetadataToken>100663336</MetadataToken>
              <Name>System.Void DanskeBank.WordCounter.ConcurrentDictionaryWordCounter::.ctor(DanskeBank.Guard.IGuard,System.Collections.Concurrent.ConcurrentDictionary`2&lt;System.String,System.Int64&gt;)</Name>
              <FileRef uid="6" />
              <SequencePoints>
                <SequencePoint vc="11" uspid="180" ordinal="0" offset="0" sl="16" sc="5" el="16" ec="104" bec="0" bev="0" fileid="6" />
                <SequencePoint vc="11" uspid="179" ordinal="1" offset="7" sl="17" sc="5" el="17" ec="6" bec="0" bev="0" fileid="6" />
                <SequencePoint vc="11" uspid="178" ordinal="2" offset="8" sl="18" sc="9" el="18" ec="78" bec="0" bev="0" fileid="6" />
                <SequencePoint vc="9" uspid="177" ordinal="3" offset="30" sl="19" sc="9" el="19" ec="62" bec="0" bev="0" fileid="6" />
                <SequencePoint vc="8" uspid="176" ordinal="4" offset="49" sl="20" sc="5" el="20" ec="6" bec="0" bev="0" fileid="6" />
              </SequencePoints>
              <BranchPoints />
              <MethodPoint xsi:type="SequencePoint" vc="11" uspid="180" ordinal="0" offset="0" sl="16" sc="5" el="16" ec="104" bec="0" bev="0" fileid="6" />
            </Method>
            <Method visited="true" cyclomaticComplexity="2" nPathComplexity="0" sequenceCoverage="100" branchCoverage="0" isConstructor="false" isStatic="false" isGetter="false" isSetter="false" crapScore="2">
              <Summary numSequencePoints="4" visitedSequencePoints="4" numBranchPoints="1" visitedBranchPoints="0" sequenceCoverage="100" branchCoverage="0" maxCyclomaticComplexity="2" minCyclomaticComplexity="2" visitedClasses="0" numClasses="0" visitedMethods="1" numMethods="1" minCrapScore="2" maxCrapScore="2" />
              <MetadataToken>100663337</MetadataToken>
              <Name>System.Void DanskeBank.WordCounter.ConcurrentDictionaryWordCounter::AddWord(System.String)</Name>
              <FileRef uid="6" />
              <SequencePoints>
                <SequencePoint vc="500006" uspid="184" ordinal="0" offset="0" sl="24" sc="5" el="24" ec="6" bec="0" bev="0" fileid="6" />
                <SequencePoint vc="500006" uspid="183" ordinal="1" offset="1" sl="25" sc="9" el="25" ec="51" bec="0" bev="0" fileid="6" />
                <SequencePoint vc="500003" uspid="182" ordinal="2" offset="25" sl="26" sc="9" el="26" ec="74" bec="0" bev="0" fileid="6" />
                <SequencePoint vc="500003" uspid="181" ordinal="3" offset="71" sl="27" sc="5" el="27" ec="6" bec="0" bev="0" fileid="6" />
              </SequencePoints>
              <BranchPoints />
              <MethodPoint xsi:type="SequencePoint" vc="500006" uspid="184" ordinal="0" offset="0" sl="24" sc="5" el="24" ec="6" bec="0" bev="0" fileid="6" />
            </Method>
            <Method visited="true" cyclomaticComplexity="1" nPathComplexity="0" sequenceCoverage="0" branchCoverage="0" isConstructor="false" isStatic="false" isGetter="false" isSetter="false" crapScore="1">
[...]
              <MetadataToken>100663446</MetadataToken>
              <Name>System.Void DanskeBank.FileReader.StreamFileReader/&lt;ReadAllLinesAsync&gt;d__2::System.Threading.Tasks.Sources.IValueTaskSource.GetResult(System.Int16)</Name>
              <SequencePoints />
              <BranchPoints />
              <MethodPoint vc="0" uspid="100663446" ordinal="0" offset="0" />
            </Method>
            <Method visited="false" cyclomaticComplexity="1" nPathComplexity="0" sequenceCoverage="0" branchCoverage="0" isConstructor="false" isStatic="false" isGetter="false" isSetter="false" crapScore="2">
              <Summary numSequencePoints="0" visitedSequencePoints="0" numBranchPoints="0" visitedBranchPoints="0" sequenceCoverage="0" branchCoverage="0" maxCyclomaticComplexity="1" minCyclomaticComplexity="1" visitedClasses="0" numClasses="0" visitedMethods="0" numMethods="0" minCrapScore="2" maxCrapScore="2" />
              <MetadataToken>100663447</MetadataToken>
              <Name>System.Threading.Tasks.Sources.ValueTaskSourceStatus DanskeBank.FileReader.StreamFileReader/&lt;ReadAllLinesAsync&gt;d__2::System.Threading.Tasks.Sources.IValueTaskSource.GetStatus(System.Int16)</Name>
              <SequencePoints />
              <BranchPoints />
              <MethodPoint vc="0" uspid="100663447" ordinal="0" offset="0" />
            </Method>
            <Method visited="false" cyclomaticComplexity="1" nPathComplexity="0" sequenceCoverage="0" branchCoverage="0" isConstructor="false" isStatic="false" isGetter="false" isSetter="false" crapScore="2">
              <Summary numSequencePoints="0" visitedSequencePoints="0" numBranchPoints="0" visitedBranchPoints="0" sequenceCoverage="0" branchCoverage="0" maxCyclomaticComplexity="1" minCyclomaticComplexity="1" visitedClasses="0" numClasses="0" visitedMethods="0" numMethods="0" minCrapScore="2" maxCrapScore="2" />
              <MetadataToken>100663448</MetadataToken>
              <Name>System.Void DanskeBank.FileReader.StreamFileReader/&lt;ReadAllLinesAsync&gt;d__2::System.Threading.Tasks.Sources.IValueTaskSource.OnCompleted(System.Action`1&lt;System.Object&gt;,System.Object,System.Int16,System.Threading.Tasks.Sources.ValueTaskSourceOnCompletedFlags)</Name>
              <SequencePoints />
              <BranchPoints />
              <MethodPoint vc="0" uspid="100663448" ordinal="0" offset="0" />
            </Method>
            <Method visited="true" cyclomaticComplexity="3" nPathComplexity="0" sequenceCoverage="0" branchCoverage="0" isConstructor="false" isStatic="false" isGetter="false" isSetter="false" crapScore="3">
              <Summary numSequencePoints="0" visitedSequencePoints="0" numBranchPoints="0" visitedBranchPoints="0" sequenceCoverage="0" branchCoverage="0" maxCyclomaticComplexity="3" minCyclomaticComplexity="3" visitedClasses="0" numClasses="0" visitedMethods="0" numMethods="0" minCrapScore="3" maxCrapScore="3" />
              <MetadataToken>100663449</MetadataToken>
              <Name>System.Threading.Tasks.ValueTask DanskeBank.FileReader.StreamFileReader/&lt;ReadAllLinesAsync&gt;d__2::System.IAsyncDisposable.DisposeAsync()</Name>
              <SequencePoints />
              <BranchPoints />
              <MethodPoint vc="6" uspid="100663449" ordinal="0" offset="0" />
            </Method>
          </Methods>
        </Class>
        <Class>
          <Summary numSequencePoints="8" visitedSequencePoints="8" numBranchPoints="1" visitedBranchPoints="0" sequenceCoverage="100" branchCoverage="0" maxCyclomaticComplexity="2" minCyclomaticComplexity="1" visitedClasses="1" numClasses="1" visitedMethods="1" numMethods="1" minCrapScore="2" maxCrapScore="2" />
          <FullName>DanskeBank.FileReaderManager.FileReaderManager</FullName>
          <Methods>
            <Method visited="true" cyclomaticComplexity="2" nPathComplexity="0" sequenceCoverage="100" branchCoverage="0" isConstructor="true" isStatic="false" isGetter="false" isSetter="false" crapScore="2">
              <Summary numSequencePoints="8" visitedSequencePoints="8" numBranchPoints="1" visitedBranchPoints="0" sequenceCoverage="100" branchCoverage="0" maxCyclomaticComplexity="2" minCyclomaticComplexity="2" visitedClasses="0" numClasses="0" visitedMethods="1" numMethods="1" minCrapScore="2" maxCrapScore="2" />
              <MetadataToken>100663365</MetadataToken>
              <Name>System.Void DanskeBank.FileReaderManager.FileReaderManager::.ctor(DanskeBank.Guard.IGuard,DanskeBank.FileReader.IFileReader,DanskeBank.LineSplitter.ILineSplitter,System.Char[])</Name>
              <FileRef uid="16" />
              <SequencePoints>
                <SequencePoint vc="8" uspid="381" ordinal="0" offset="0" sl="15" sc="5" el="19" ec="27" bec="0" bev="0" fileid="16" />
                <SequencePoint vc="8" uspid="380" ordinal="1" offset="7" sl="20" sc="5" el="20" ec="6" bec="0" bev="0" fileid="16" />
                <SequencePoint vc="8" uspid="379" ordinal="2" offset="8" sl="21" sc="9" el="21" ec="78" bec="0" bev="0" fileid="16" />
                <SequencePoint vc="6" uspid="378" ordinal="3" offset="30" sl="22" sc="9" el="22" ec="62" bec="0" bev="0" fileid="16" />
                <SequencePoint vc="5" uspid="377" ordinal="4" offset="49" sl="23" sc="9" el="23" ec="66" bec="0" bev="0" fileid="16" />
                <SequencePoint vc="4" uspid="376" ordinal="5" offset="68" sl="24" sc="9" el="24" ec="62" bec="0" bev="0" fileid="16" />
                <SequencePoint vc="4" uspid="375" ordinal="6" offset="88" sl="24" sc="63" el="24" ec="64" bec="0" bev="0" fileid="16" />
                <SequencePoint vc="4" uspid="374" ordinal="7" offset="89" sl="25" sc="5" el="25" ec="6" bec="0" bev="0" fileid="16" />
              </SequencePoints>
              <BranchPoints />
              <MethodPoint xsi:type="SequencePoint" vc="8" uspid="381" ordinal="0" offset="0" sl="15" sc="5" el="19" ec="27" bec="0" bev="0" fileid="16" />
            </Method>
            <Method visited="true" cyclomaticComplexity="1" nPathComplexity="0" sequenceCoverage="0" branchCoverage="0" isConstructor="false" isStatic="false" isGetter="false" isSetter="false" crapScore="1">
              <Summary numSequencePoints="0" visitedSequencePoints="0" numBranchPoints="0" visitedBranchPoints="0" sequenceCoverage="0" branchCoverage="0" maxCyclomaticComplexity="1" minCyclomaticComplexity="1" visitedClasses="0" numClasses="0" visitedMethods="0" numMethods="0" minCrapScore="1" maxCrapScore="1" />
              <MetadataToken>100663366</MetadataToken>
              <Name>System.Threading.Tasks.Task DanskeBank.FileReaderManager.FileReaderManager::Execute(System.Threading.Channels.ChannelWriter`1&lt;System.String&gt;,System.String[],System.Threading.CancellationToken)</Name>
              <SequencePoints />
              <BranchPoints />
              <MethodPoint vc="4" uspid="100663366" ordinal="0" offset="0" />
            </Method>
          </Methods>
        </Class>
        <Class>
          <Summary numSequencePoints="0" visitedSequencePoints="0" numBranchPoints="0" visitedBranchPoints="0" sequenceCoverage="0" branchCoverage="0" maxCyclomaticComplexity="0" minCyclomaticComplexity="0" visitedClasses="0" numClasses="0" visitedMethods="0" numMethods="0" minCrapScore="0" maxCrapScore="0" />
          <FullName>DanskeBank.FileReaderManager.FileReaderManager/&lt;&gt;c__DisplayClass5_1</FullName>
          <Methods>
            <Method visited="true" cyclomaticComplexity="1" nPathComplexity="0" sequenceCoverage="0" branchCoverage="0" isConstructor="false" isStatic="false" isGetter="false" isSetter="false" crapScore="1">
              <Summary numSequencePoints="0" visitedSequencePoints="0" numBranchPoints="0" visitedBranchPoints="0" sequenceCoverage="0" branchCoverage="0" maxCyclomaticComplexity="1" minCyclomaticComplexity="1" visitedClasses="0" numClasses="0" visitedMethods="0" numMethods="0" minCrapScore="1" maxCrapScore="1" />
              <MetadataToken>100663452</MetadataToken>
              <Name>System.Threading.Tasks.Task DanskeBank.FileReaderManager.FileReaderManager/&lt;&gt;c__DisplayClass5_1::&lt;Execute&gt;b__0()</Name>
              <SequencePoints />
              <BranchPoints />
              <MethodPoint vc="1" uspid="100663452" ordinal="0" offset="0" />
            </Method>
          </Methods>
        </Class>
        <Class>
          <Summary numSequencePoints="15" visitedSequencePoints="15" numBranchPoints="5" visitedBranchPoints="5" sequenceCoverage="100" branchCoverage="100" maxCyclomaticComplexity="16" minCyclomaticComplexity="1" visitedClasses="1" numClasses="1" visitedMethods="1" numMethods="1" minCrapScore="16" maxCrapScore="16" />
          <FullName>DanskeBank.FileReaderManager.FileReaderManager/&lt;&gt;c__DisplayClass5_1/&lt;&lt;Execute&gt;b__0&gt;d</FullName>
          <Methods>
            <Method visited="true" cyclomaticComplexity="1" nPathComplexity="0" sequenceCoverage="0" branchCoverage="0" isConstructor="true" isStatic="false" isGetter="false" isSetter="false" crapScore="1">
              <Summary numSequencePoints="0" visitedSequencePoints="0" numBranchPoints="0" visitedBranchPoints="0" sequenceCoverage="0" branchCoverage="0" maxCyclomaticComplexity="1" minCyclomaticComplexity="1" visitedClasses="0" numClasses="0" visitedMethods="0" numMethods="0" minCrapScore="1" maxCrapScore="1" />
              <MetadataToken>100663459</MetadataToken>
              <Name>System.Void DanskeBank.FileReaderManager.FileReaderManager/&lt;&gt;c__DisplayClass5_1/&lt;&lt;Execute&gt;b__0&gt;d::.ctor()</Name>
              <SequencePoints />
              <BranchPoints />
              <MethodPoint vc="1" uspid="100663459" ordinal="0" offset="0" />
            </Method>
            <Method visited="true" cyclomaticComplexity="16" nPathComplexity="4" sequenceCoverage="100" branchCoverage="100" isConstructor="false" isStatic="false" isGetter="false" isSetter="false" crapScore="16">
              <Summary numSequencePoints="15" visitedSequencePoints="15" numBranchPoints="5" visitedBranchPoints="5" sequenceCoverage="100" branchCoverage="100" maxCyclomaticComplexity="16" minCyclomaticComplexity="16" visitedClasses="0" numClasses="0" visitedMethods="1" numMethods="1" minCrapScore="16" maxCrapScore="16" />
              <MetadataToken>100663460</MetadataToken>
              <Name>System.Void DanskeBank.FileReaderManager.FileReaderManager/&lt;&gt;c__DisplayClass5_1/&lt;&lt;Execute&gt;b__0&gt;d::MoveNext()</Name>
              <FileRef uid="16" />
              <SequencePoints>
                <SequencePoint vc="1" uspid="396" ordinal="0" offset="26" sl="37" sc="13" el="37" ec="14" bec="0" bev="0" fileid="16" />
                <SequencePoint vc="1" uspid="395" ordinal="1" offset="27" sl="38" sc="17" el="38" ec="30" bec="0" bev="0" fileid="16" />
                <SequencePoint vc="1" uspid="394" ordinal="2" offset="28" sl="38" sc="44" el="38" ec="90" bec="0" bev="0" fileid="16" />
                <SequencePoint vc="1" uspid="393" ordinal="3" offset="139" sl="38" sc="32" el="38" ec="40" bec="0" bev="0" fileid="16" />
                <SequencePoint vc="1" uspid="392" ordinal="4" offset="156" sl="39" sc="17" el="39" ec="18" bec="0" bev="0" fileid="16" />
                <SequencePoint vc="1" uspid="391" ordinal="5" offset="157" sl="40" sc="21" el="40" ec="28" bec="0" bev="0" fileid="16" />
                <SequencePoint vc="1" uspid="390" ordinal="6" offset="158" sl="40" sc="42" el="40" ec="78" bec="0" bev="0" fileid="16" />
                <SequencePoint vc="6" uspid="389" ordinal="7" offset="235" sl="40" sc="30" el="40" ec="38" bec="0" bev="0" fileid="16" />
                <SequencePoint vc="6" uspid="388" ordinal="8" offset="252" sl="41" sc="21" el="41" ec="22" bec="0" bev="0" fileid="16" />
                <SequencePoint vc="6" uspid="387" ordinal="9" offset="253" sl="42" sc="25" el="42" ec="64" bec="0" bev="0" fileid="16" />
                <SequencePoint vc="6" uspid="386" ordinal="10" offset="390" sl="43" sc="21" el="43" ec="22" bec="0" bev="0" fileid="16" />
                <SequencePoint vc="7" uspid="385" ordinal="11" offset="398" sl="40" sc="39" el="40" ec="41" bec="2" bev="2" fileid="16" />
                <SequencePoint vc="1" uspid="384" ordinal="12" offset="448" sl="44" sc="17" el="44" ec="18" bec="0" bev="0" fileid="16" />
                <SequencePoint vc="2" uspid="383" ordinal="13" offset="456" sl="38" sc="41" el="38" ec="43" bec="2" bev="2" fileid="16" />
                <SequencePoint vc="1" uspid="382" ordinal="14" offset="801" sl="45" sc="13" el="45" ec="14" bec="0" bev="0" fileid="16" />
              </SequencePoints>
              <BranchPoints>
                <BranchPoint vc="1" uspid="56" ordinal="0" offset="409" sl="40" path="0" offsetend="414" fileid="16" />
                <BranchPoint vc="6" uspid="57" ordinal="1" offset="409" sl="40" path="1" offsetend="235" fileid="16" />
                <BranchPoint vc="1" uspid="58" ordinal="2" offset="576" sl="38" path="0" offsetend="581" fileid="16" />
                <BranchPoint vc="1" uspid="59" ordinal="3" offset="576" sl="38" path="1" offsetend="139" fileid="16" />
              </BranchPoints>
              <MethodPoint xsi:type="SequencePoint" vc="1" uspid="396" ordinal="0" offset="26" sl="37" sc="13" el="37" ec="14" bec="0" bev="0" fileid="16" />
            </Method>
            <Method visited="false" cyclomaticComplexity="1" nPathComplexity="0" sequenceCoverage="0" branchCoverage="0" isConstructor="false" isStatic="false" isGetter="false" isSetter="false" crapScore="2">
              <Summary numSequencePoints="0" visitedSequencePoints="0" numBranchPoints="0" visitedBranchPoints="0" sequenceCoverage="0" branchCoverage="0" maxCyclomaticComplexity="1" minCyclomaticComplexity="1" visitedClasses="0" numClasses="0" visitedMethods="0" numMethods="0" minCrapScore="2" maxCrapScore="2" />
              <MetadataToken>100663461</MetadataToken>
              <Name>System.Void DanskeBank.FileReaderManager.FileReaderManager/&lt;&gt;c__DisplayClass5_1/&lt;&lt;Execute&gt;b__0&gt;d::SetStateMachine(System.Runtime.CompilerServices.IAsyncStateMachine)</Name>
              <SequencePoints />
              <BranchPoints />
              <MethodPoint vc="0" uspid="100663461" ordinal="0" offset="0" />
            </Method>
          </Methods>
        </Class>
        <Class>
          <Summary numSequencePoints="14" visitedSequencePoints="14" numBranchPoints="3" visitedBranchPoints="3" sequenceCoverage="100" branchCoverage="100" maxCyclomaticComplexity="4" minCyclomaticComplexity="1" visitedClasses="1" numClasses="1" visitedMethods="1" numMethods="1" minCrapScore="4" maxCrapScore="4" />
          <FullName>DanskeBank.FileReaderManager.FileReaderManager/&lt;Execute&gt;d__5</FullName>
          <Methods>
            <Method visited="true" cyclomaticComplexity="4" nPathComplexity="2" sequenceCoverage="100" branchCoverage="100" isConstructor="false" isStatic="false" isGetter="false" isSetter="false" crapScore="4">
              <Summary numSequencePoints="14" visitedSequencePoints="14" numBranchPoints="3" visitedBranchPoints="3" sequenceCoverage="100" branchCoverage="100" maxCyclomaticComplexity="4" minCyclomaticComplexity="4" visitedClasses="0" numClasses="0" visitedMethods="1" numMethods="1" minCrapScore="4" maxCrapScore="4" />
              <MetadataToken>100663454</MetadataToken>
              <Name>System.Void DanskeBank.FileReaderManager.FileReaderManager/&lt;Execute&gt;d__5::MoveNext()</Name>
              <FileRef uid="16" />
              <SequencePoints>
                <SequencePoint vc="4" uspid="410" ordinal="0" offset="79" sl="28" sc="5" el="28" ec="6" bec="0" bev="0" fileid="16" />
                <SequencePoint vc="4" uspid="409" ordinal="1" offset="80" sl="29" sc="9" el="29" ec="41" bec="0" bev="0" fileid="16" />
                <SequencePoint vc="3" uspid="408" ordinal="2" offset="114" sl="30" sc="9" el="30" ec="43" bec="0" bev="0" fileid="16" />
                <SequencePoint vc="2" uspid="407" ordinal="3" offset="143" sl="32" sc="9" el="32" ec="54" bec="0" bev="0" fileid="16" />
                <SequencePoint vc="2" uspid="406" ordinal="4" offset="162" sl="34" sc="9" el="34" ec="16" bec="0" bev="0" fileid="16" />
                <SequencePoint vc="2" uspid="405" ordinal="5" offset="163" sl="34" sc="34" el="34" ec="43" bec="0" bev="0" fileid="16" />
                <SequencePoint vc="1" uspid="404" ordinal="6" offset="215" sl="34" sc="18" el="34" ec="30" bec="0" bev="0" fileid="16" />
                <SequencePoint vc="1" uspid="403" ordinal="7" offset="239" sl="35" sc="9" el="35" ec="10" bec="0" bev="0" fileid="16" />
                <SequencePoint vc="1" uspid="402" ordinal="8" offset="240" sl="36" sc="13" el="45" ec="24" bec="0" bev="0" fileid="16" />
                <SequencePoint vc="1" uspid="401" ordinal="9" offset="284" sl="47" sc="13" el="47" ec="29" bec="0" bev="0" fileid="16" />
                <SequencePoint vc="1" uspid="400" ordinal="10" offset="302" sl="48" sc="9" el="48" ec="10" bec="0" bev="0" fileid="16" />
                <SequencePoint vc="3" uspid="399" ordinal="11" offset="331" sl="34" sc="31" el="34" ec="33" bec="2" bev="2" fileid="16" />
                <SequencePoint vc="2" uspid="398" ordinal="12" offset="357" sl="50" sc="9" el="50" ec="35" bec="0" bev="0" fileid="16" />
                <SequencePoint vc="2" uspid="397" ordinal="13" offset="495" sl="51" sc="5" el="51" ec="6" bec="0" bev="0" fileid="16" />
              </SequencePoints>
              <BranchPoints>
                <BranchPoint vc="2" uspid="60" ordinal="0" offset="345" sl="34" path="0" offsetend="350" fileid="16" />
                <BranchPoint vc="1" uspid="61" ordinal="1" offset="345" sl="34" path="1" offsetend="187" fileid="16" />
              </BranchPoints>
              <MethodPoint xsi:type="SequencePoint" vc="4" uspid="410" ordinal="0" offset="79" sl="28" sc="5" el="28" ec="6" bec="0" bev="0" fileid="16" />
            </Method>
            <Method visited="false" cyclomaticComplexity="1" nPathComplexity="0" sequenceCoverage="0" branchCoverage="0" isConstructor="false" isStatic="false" isGetter="false" isSetter="false" crapScore="2">
              <Summary numSequencePoints="0" visitedSequencePoints="0" numBranchPoints="0" visitedBranchPoints="0" sequenceCoverage="0" branchCoverage="0" maxCyclomaticComplexity="1" minCyclomaticComplexity="1" visitedClasses="0" numClasses="0" visitedMethods="0" numMethods="0" minCrapScore="2" maxCrapScore="2" />
              <MetadataToken>100663455</MetadataToken>
              <Name>System.Void DanskeBank.FileReaderManager.FileReaderManager/&lt;Execute&gt;d__5::SetStateMachine(System.Runtime.CompilerServices.IAsyncStateMachine)</Name>
              <SequencePoints />
              <BranchPoints />
              <MethodPoint vc="0" uspid="100663455" ordinal="0" offset="0" />
            </Method>
          </Methods>
        </Class>
      </Classes>
    </Module>
    <Module skippedDueTo="Filter" hash="9C-27-F8-BB-75-96-5C-DC-D9-A8-8C-8C-9A-59-0B-50-1D-CF-31-52">
      <ModulePath>C:\Users\Hustler\Desktop\DanskeBank\Test\bin\Debug\net7.0\AltCover.Monitor.dll</ModulePath>
      <ModuleTime>2023-03-21T19:44:38Z</ModuleTime>
      <ModuleName>AltCover.Monitor</ModuleName>
      <Classes />
    </Module>
    <Module skippedDueTo="Filter" hash="2C-D7-50-89-D7-20-E9-CD-BF-13-C2-11-7D-36-C1-AE-AF-96-F0-1E">
      <ModulePath>C:\Users\Hustler\Desktop\DanskeBank\Test\bin\Debug\net7.0\Test.dll</ModulePath>
      <ModuleTime>2023-04-23T13:32:27.3837935Z</ModuleTime>
      <ModuleName>Test</ModuleName>
      <Classes />
    </Module>
  </Modules>
</CoverageSession>